Using pre-set license
Built from '2021.3/release' branch; Version is '2021.3.27f1 (ca3ffb99bcc6) revision 13254651'; Using compiler version '192829333'; Build Type 'Release'
OS: 'Windows 10  (10.0.19045) 64bit Professional' Language: 'ru' Physical Memory: 7561 MB
BatchMode: 1, IsHumanControllingUs: 0, StartBugReporterOnCrash: 0, Is64bit: 1, IsPro: 1

COMMAND LINE ARGUMENTS:
C:\Program Files\Unity\Hub\Editor\2021.3.27f1\Editor\Unity.exe
-adb2
-batchMode
-noUpm
-name
AssetImportWorker6
-projectPath
C:/Users/ромка/PP_04_Yusupov.R.S/Hero's Path
-logFile
Logs/AssetImportWorker6.log
-srvPort
61486
Successfully changed project path to: C:/Users/ромка/PP_04_Yusupov.R.S/Hero's Path
C:/Users/ромка/PP_04_Yusupov.R.S/Hero's Path
[UnityMemory] Configuration Parameters - Can be set up in boot.config
    "memorysetup-bucket-allocator-granularity=16"
    "memorysetup-bucket-allocator-bucket-count=8"
    "memorysetup-bucket-allocator-block-size=33554432"
    "memorysetup-bucket-allocator-block-count=8"
    "memorysetup-main-allocator-block-size=16777216"
    "memorysetup-thread-allocator-block-size=16777216"
    "memorysetup-gfx-main-allocator-block-size=16777216"
    "memorysetup-gfx-thread-allocator-block-size=16777216"
    "memorysetup-cache-allocator-block-size=4194304"
    "memorysetup-typetree-allocator-block-size=2097152"
    "memorysetup-profiler-bucket-allocator-granularity=16"
    "memorysetup-profiler-bucket-allocator-bucket-count=8"
    "memorysetup-profiler-bucket-allocator-block-size=33554432"
    "memorysetup-profiler-bucket-allocator-block-count=8"
    "memorysetup-profiler-allocator-block-size=16777216"
    "memorysetup-profiler-editor-allocator-block-size=1048576"
    "memorysetup-temp-allocator-size-main=16777216"
    "memorysetup-job-temp-allocator-block-size=2097152"
    "memorysetup-job-temp-allocator-block-size-background=1048576"
    "memorysetup-job-temp-allocator-reduction-small-platforms=262144"
    "memorysetup-temp-allocator-size-background-worker=32768"
    "memorysetup-temp-allocator-size-job-worker=262144"
    "memorysetup-temp-allocator-size-preload-manager=33554432"
    "memorysetup-temp-allocator-size-nav-mesh-worker=65536"
    "memorysetup-temp-allocator-size-audio-worker=65536"
    "memorysetup-temp-allocator-size-cloud-worker=32768"
    "memorysetup-temp-allocator-size-gi-baking-worker=262144"
    "memorysetup-temp-allocator-size-gfx=262144"
Player connection [9844] Host "[IP] 192.168.56.1 [Port] 0 [Flags] 2 [Guid] 1246918110 [EditorId] 1246918110 [Version] 1048832 [Id] WindowsEditor(7,noyt) [Debug] 1 [PackageName] WindowsEditor [ProjectName] Editor" joined multi-casting on [225.0.0.222:54997]...

Player connection [9844] Host "[IP] 192.168.56.1 [Port] 0 [Flags] 2 [Guid] 1246918110 [EditorId] 1246918110 [Version] 1048832 [Id] WindowsEditor(7,noyt) [Debug] 1 [PackageName] WindowsEditor [ProjectName] Editor" joined alternative multi-casting on [225.0.0.222:34997]...

Refreshing native plugins compatible for Editor in 93.77 ms, found 4 plugins.
Preloading 0 native plugins for Editor in 0.00 ms.
Initialize engine version: 2021.3.27f1 (ca3ffb99bcc6)
[Subsystems] Discovering subsystems at path C:/Program Files/Unity/Hub/Editor/2021.3.27f1/Editor/Data/Resources/UnitySubsystems
[Subsystems] Discovering subsystems at path C:/Users/ромка/PP_04_Yusupov.R.S/Hero's Path/Assets
GfxDevice: creating device client; threaded=0; jobified=0
Direct3D:
    Version:  Direct3D 11.0 [level 11.1]
    Renderer: AMD Radeon (TM) Graphics (ID=0x15e7)
    Vendor:   ATI
    VRAM:     3780 MB
    Driver:   30.0.14042.0
Initialize mono
Mono path[0] = 'C:/Program Files/Unity/Hub/Editor/2021.3.27f1/Editor/Data/Managed'
Mono path[1] = 'C:/Program Files/Unity/Hub/Editor/2021.3.27f1/Editor/Data/MonoBleedingEdge/lib/mono/unityjit-win32'
Mono config path = 'C:/Program Files/Unity/Hub/Editor/2021.3.27f1/Editor/Data/MonoBleedingEdge/etc'
Using monoOptions --debugger-agent=transport=dt_socket,embedding=1,server=y,suspend=n,address=127.0.0.1:56880
Begin MonoManager ReloadAssembly
Registering precompiled unity dll's ...
Register platform support module: C:/Program Files/Unity/Hub/Editor/2021.3.27f1/Editor/Data/PlaybackEngines/WindowsStandaloneSupport/UnityEditor.WindowsStandalone.Extensions.dll
Registered in 0.005372 seconds.
Native extension for WindowsStandalone target not found
Refreshing native plugins compatible for Editor in 80.84 ms, found 4 plugins.
Preloading 0 native plugins for Editor in 0.00 ms.
Mono: successfully reloaded assembly
- Completed reload, in  0.503 seconds
Domain Reload Profiling:
	ReloadAssembly (504ms)
		BeginReloadAssembly (72ms)
			ExecutionOrderSort (0ms)
			DisableScriptedObjects (0ms)
			BackupInstance (0ms)
			ReleaseScriptingObjects (0ms)
			CreateAndSetChildDomain (1ms)
		EndReloadAssembly (355ms)
			LoadAssemblies (70ms)
			RebuildTransferFunctionScriptingTraits (0ms)
			SetupTypeCache (77ms)
			ReleaseScriptCaches (0ms)
			RebuildScriptCaches (20ms)
			SetupLoadedEditorAssemblies (217ms)
				LogAssemblyErrors (0ms)
				InitializePlatformSupportModulesInManaged (7ms)
				SetLoadedEditorAssemblies (0ms)
				RefreshPlugins (81ms)
				BeforeProcessingInitializeOnLoad (1ms)
				ProcessInitializeOnLoadAttributes (91ms)
				ProcessInitializeOnLoadMethodAttributes (37ms)
				AfterProcessingInitializeOnLoad (0ms)
				EditorAssembliesLoaded (0ms)
			ExecutionOrderSort2 (0ms)
			AwakeInstancesAfterBackupRestoration (0ms)
Platform modules already initialized, skipping
Registering precompiled user dll's ...
Registered in 0.005648 seconds.
Begin MonoManager ReloadAssembly
Symbol file LoadedFromMemory doesn't match image C:\Users\ромка\PP_04_Yusupov.R.S\Hero's Path\Library\PackageCache\com.unity.visualscripting@1.8.0\Editor\VisualScripting.Core\Dependencies\YamlDotNet\Unity.VisualScripting.YamlDotNet.dll
Symbol file LoadedFromMemory doesn't match image C:\Users\ромка\PP_04_Yusupov.R.S\Hero's Path\Library\PackageCache\com.unity.visualscripting@1.8.0\Editor\VisualScripting.Core\Dependencies\DotNetZip\Unity.VisualScripting.IonicZip.dll
Native extension for WindowsStandalone target not found
Refreshing native plugins compatible for Editor in 85.05 ms, found 4 plugins.
Preloading 0 native plugins for Editor in 0.00 ms.
Mono: successfully reloaded assembly
- Completed reload, in  1.019 seconds
Domain Reload Profiling:
	ReloadAssembly (1020ms)
		BeginReloadAssembly (118ms)
			ExecutionOrderSort (0ms)
			DisableScriptedObjects (7ms)
			BackupInstance (0ms)
			ReleaseScriptingObjects (0ms)
			CreateAndSetChildDomain (27ms)
		EndReloadAssembly (810ms)
			LoadAssemblies (81ms)
			RebuildTransferFunctionScriptingTraits (0ms)
			SetupTypeCache (182ms)
			ReleaseScriptCaches (1ms)
			RebuildScriptCaches (49ms)
			SetupLoadedEditorAssemblies (467ms)
				LogAssemblyErrors (0ms)
				InitializePlatformSupportModulesInManaged (4ms)
				SetLoadedEditorAssemblies (0ms)
				RefreshPlugins (85ms)
				BeforeProcessingInitializeOnLoad (84ms)
				ProcessInitializeOnLoadAttributes (255ms)
				ProcessInitializeOnLoadMethodAttributes (31ms)
				AfterProcessingInitializeOnLoad (7ms)
				EditorAssembliesLoaded (0ms)
			ExecutionOrderSort2 (0ms)
			AwakeInstancesAfterBackupRestoration (5ms)
Platform modules already initialized, skipping
========================================================================
Worker process is ready to serve import requests
Launched and connected shader compiler UnityShaderCompiler.exe after 0.04 seconds
Refreshing native plugins compatible for Editor in 0.92 ms, found 4 plugins.
Preloading 0 native plugins for Editor in 0.00 ms.
Unloading 4306 Unused Serialized files (Serialized files now loaded: 0)
Unloading 51 unused Assets / (119.6 KB). Loaded Objects now: 4768.
Memory consumption went from 165.9 MB to 165.8 MB.
Total: 3.351200 ms (FindLiveObjects: 0.317800 ms CreateObjectMapping: 0.116600 ms MarkObjects: 2.791000 ms  DeleteObjects: 0.124900 ms)

AssetImportParameters requested are different than current active one (requested -> active):
  custom:video-decoder-ogg-theora: a1e56fd34408186e4bbccfd4996cb3dc -> 
  custom:container-muxer-webm: aa71ff27fc2769a1b78a27578f13a17b -> 
  custom:container-demuxer-webm: 4f35f7cbe854078d1ac9338744f61a02 -> 
  custom:video-encoder-webm-vp8: eb34c28f22e8b96e1ab97ce403110664 -> 
  custom:audio-encoder-webm-vorbis: bf7c407c2cedff20999df2af8eb42d56 -> 
  custom:framework-win-MediaFoundation: 216162199b28c13a410421893ffa2e32 -> 
  custom:container-demuxer-ogg: 62fdf1f143b41e24485cea50d1cbac27 -> 
  custom:video-decoder-webm-vp8: 9c59270c3fd7afecdb556c50c9e8de78 -> 
  custom:audio-decoder-ogg-vorbis: bf7c407c2cedff20999df2af8eb42d56 -> 
========================================================================
Received Import Request.
  Time since last request: 153077.081667 seconds.
  path: Assets/Assets/EnemySprites/Skeletions/Animations/block/block2.png
  artifactKey: Guid(8dd3b6e4ac61f1044a6a6ad0de32818f) Importer(815301076,1909f56bfc062723c751e8b465ee728b)
Start importing Assets/Assets/EnemySprites/Skeletions/Animations/block/block2.png using Guid(8dd3b6e4ac61f1044a6a6ad0de32818f) Importer(815301076,1909f56bfc062723c751e8b465ee728b)  -> (artifact id: '9b6b20ccaa0b4cea69593f3f12704379') in 0.123634 seconds 
========================================================================
Received Import Request.
  Time since last request: 2.553302 seconds.
  path: Assets/Assets/EnemySprites/Skeletions/Animations/death/death2.png
  artifactKey: Guid(f63d3476ef3049a4f9b41009e5324d81) Importer(815301076,1909f56bfc062723c751e8b465ee728b)
Start importing Assets/Assets/EnemySprites/Skeletions/Animations/death/death2.png using Guid(f63d3476ef3049a4f9b41009e5324d81) Importer(815301076,1909f56bfc062723c751e8b465ee728b)  -> (artifact id: '667d14912c715fcc699be272eec1a5ac') in 0.016643 seconds 
========================================================================
Received Import Request.
  Time since last request: 0.000022 seconds.
  path: Assets/Assets/EnemySprites/Skeletions/Animations/death/death9.png
  artifactKey: Guid(b2a4aa13ac51e7447aaf3cd05316a9de) Importer(815301076,1909f56bfc062723c751e8b465ee728b)
Start importing Assets/Assets/EnemySprites/Skeletions/Animations/death/death9.png using Guid(b2a4aa13ac51e7447aaf3cd05316a9de) Importer(815301076,1909f56bfc062723c751e8b465ee728b)  -> (artifact id: 'ec087678d3f101287a8b80779444506c') in 0.017378 seconds 
========================================================================
Received Import Request.
  Time since last request: 0.000019 seconds.
  path: Assets/Assets/EnemySprites/Skeletions/Animations/death/death14.png
  artifactKey: Guid(3487ec6e6bb1ffc46bbefdcf99aeecd0) Importer(815301076,1909f56bfc062723c751e8b465ee728b)
Start importing Assets/Assets/EnemySprites/Skeletions/Animations/death/death14.png using Guid(3487ec6e6bb1ffc46bbefdcf99aeecd0) Importer(815301076,1909f56bfc062723c751e8b465ee728b)  -> (artifact id: 'd7d475d6d48f0b034bc8499c56042818') in 0.019730 seconds 
========================================================================
Received Import Request.
  Time since last request: 0.000022 seconds.
  path: Assets/Assets/EnemySprites/Skeletions/Animations/death/death8.png
  artifactKey: Guid(a34b1d1e3d7e18f448be2e9fb22ec097) Importer(815301076,1909f56bfc062723c751e8b465ee728b)
Start importing Assets/Assets/EnemySprites/Skeletions/Animations/death/death8.png using Guid(a34b1d1e3d7e18f448be2e9fb22ec097) Importer(815301076,1909f56bfc062723c751e8b465ee728b)  -> (artifact id: '43e732cf75235ec22cc9c5afdbef1ce4') in 0.028539 seconds 
========================================================================
Received Import Request.
  Time since last request: 0.000026 seconds.
  path: Assets/Assets/EnemySprites/Skeletions/Animations/death/death13.png
  artifactKey: Guid(27957eb8702c39f4784a022c9ea0570d) Importer(815301076,1909f56bfc062723c751e8b465ee728b)
Start importing Assets/Assets/EnemySprites/Skeletions/Animations/death/death13.png using Guid(27957eb8702c39f4784a022c9ea0570d) Importer(815301076,1909f56bfc062723c751e8b465ee728b)  -> (artifact id: '863b5b4c773abf661f7f78d7e61eb40d') in 0.020496 seconds 
========================================================================
Received Import Request.
  Time since last request: 3.919913 seconds.
  path: Assets/Assets/EnemySprites/Skeletions/Animations/hurt/hurt2.png
  artifactKey: Guid(b710c6e21b556d94fb8959e105c54a25) Importer(815301076,1909f56bfc062723c751e8b465ee728b)
Start importing Assets/Assets/EnemySprites/Skeletions/Animations/hurt/hurt2.png using Guid(b710c6e21b556d94fb8959e105c54a25) Importer(815301076,1909f56bfc062723c751e8b465ee728b)  -> (artifact id: '85ab51c6f2c4bd020fa22731670ef9bf') in 0.015763 seconds 
========================================================================
Received Import Request.
  Time since last request: 0.000030 seconds.
  path: Assets/Assets/EnemySprites/Skeletions/Animations/hurt/hurt4.png
  artifactKey: Guid(522a1d4f3ee98754f96a356b4919a70a) Importer(815301076,1909f56bfc062723c751e8b465ee728b)
Start importing Assets/Assets/EnemySprites/Skeletions/Animations/hurt/hurt4.png using Guid(522a1d4f3ee98754f96a356b4919a70a) Importer(815301076,1909f56bfc062723c751e8b465ee728b)  -> (artifact id: 'a22c791a81fd79fedf2f67d9176f78df') in 0.019330 seconds 
========================================================================
Received Import Request.
  Time since last request: 2.671946 seconds.
  path: Assets/Assets/EnemySprites/Skeletions/Animations/walk/move2.png
  artifactKey: Guid(792a275a120520c4ca706ce8f1c1e1a7) Importer(815301076,1909f56bfc062723c751e8b465ee728b)
Start importing Assets/Assets/EnemySprites/Skeletions/Animations/walk/move2.png using Guid(792a275a120520c4ca706ce8f1c1e1a7) Importer(815301076,1909f56bfc062723c751e8b465ee728b)  -> (artifact id: 'c56e70fa8034cfa9be57027265f8a6f0') in 0.016797 seconds 
========================================================================
Received Import Request.
  Time since last request: 0.000020 seconds.
  path: Assets/Assets/EnemySprites/Skeletions/Animations/walk/move4.png
  artifactKey: Guid(cb16e07f45b8b3842993233649e1fd4e) Importer(815301076,1909f56bfc062723c751e8b465ee728b)
Start importing Assets/Assets/EnemySprites/Skeletions/Animations/walk/move4.png using Guid(cb16e07f45b8b3842993233649e1fd4e) Importer(815301076,1909f56bfc062723c751e8b465ee728b)  -> (artifact id: '9e66e81d92e35c80524894f3a07f8bc1') in 0.017043 seconds 
========================================================================
Received Import Request.
  Time since last request: 10.684779 seconds.
  path: Assets/Assets/EnemySprites/Skeletions/Animations/walk/move2.png
  artifactKey: Guid(792a275a120520c4ca706ce8f1c1e1a7) Importer(815301076,1909f56bfc062723c751e8b465ee728b)
Start importing Assets/Assets/EnemySprites/Skeletions/Animations/walk/move2.png using Guid(792a275a120520c4ca706ce8f1c1e1a7) Importer(815301076,1909f56bfc062723c751e8b465ee728b)  -> (artifact id: '791fd02018742e338587b74fa526f0d1') in 0.013680 seconds 
========================================================================
Received Import Request.
  Time since last request: 0.000024 seconds.
  path: Assets/Assets/EnemySprites/Skeletions/Animations/walk/move4.png
  artifactKey: Guid(cb16e07f45b8b3842993233649e1fd4e) Importer(815301076,1909f56bfc062723c751e8b465ee728b)
Start importing Assets/Assets/EnemySprites/Skeletions/Animations/walk/move4.png using Guid(cb16e07f45b8b3842993233649e1fd4e) Importer(815301076,1909f56bfc062723c751e8b465ee728b)  -> (artifact id: '356c52200e9faf6ebd655220c7160eb9') in 0.012655 seconds 
========================================================================
Received Import Request.
  Time since last request: 0.000039 seconds.
  path: Assets/Assets/EnemySprites/Skeletions/Animations/walk/move8.png
  artifactKey: Guid(61c0fb6296c7a2246943817122343108) Importer(815301076,1909f56bfc062723c751e8b465ee728b)
Start importing Assets/Assets/EnemySprites/Skeletions/Animations/walk/move8.png using Guid(61c0fb6296c7a2246943817122343108) Importer(815301076,1909f56bfc062723c751e8b465ee728b)  -> (artifact id: 'b6c7ab8293f6dafe3e55fdd93f6f1e4e') in 0.015784 seconds 
========================================================================
Received Import Request.
  Time since last request: 83.656254 seconds.
  path: Assets/Assets/EnemySprites/Skeletions/Animations/Idle/idle2.png
  artifactKey: Guid(0cc86988a0d978b478fbe16d03263ad3) Importer(815301076,1909f56bfc062723c751e8b465ee728b)
Start importing Assets/Assets/EnemySprites/Skeletions/Animations/Idle/idle2.png using Guid(0cc86988a0d978b478fbe16d03263ad3) Importer(815301076,1909f56bfc062723c751e8b465ee728b)  -> (artifact id: '3f869b0c0bbe77f8768cd4dee28340b7') in 0.017234 seconds 
========================================================================
Received Import Request.
  Time since last request: 0.000027 seconds.
  path: Assets/Assets/EnemySprites/Skeletions/Animations/Idle/idle3.png
  artifactKey: Guid(8de440d6b0aebee449b567d2dfce7166) Importer(815301076,1909f56bfc062723c751e8b465ee728b)
Start importing Assets/Assets/EnemySprites/Skeletions/Animations/Idle/idle3.png using Guid(8de440d6b0aebee449b567d2dfce7166) Importer(815301076,1909f56bfc062723c751e8b465ee728b)  -> (artifact id: '58a7baaeea7efc69c2a88333166920b8') in 0.018298 seconds 
========================================================================
Received Import Request.
  Time since last request: 0.000025 seconds.
  path: Assets/Assets/EnemySprites/Skeletions/Animations/Idle/idle8.png
  artifactKey: Guid(96b6fd21413a8e3488ea01620b76e675) Importer(815301076,1909f56bfc062723c751e8b465ee728b)
Start importing Assets/Assets/EnemySprites/Skeletions/Animations/Idle/idle8.png using Guid(96b6fd21413a8e3488ea01620b76e675) Importer(815301076,1909f56bfc062723c751e8b465ee728b)  -> (artifact id: 'c0b3d58a5d6774e21557771695cdc22b') in 0.016279 seconds 
========================================================================
Received Import Request.
  Time since last request: 0.000034 seconds.
  path: Assets/Assets/EnemySprites/Skeletions/Animations/Idle/idle6.png
  artifactKey: Guid(8adda5caf49f11d40ad5a79fd143dee6) Importer(815301076,1909f56bfc062723c751e8b465ee728b)
Start importing Assets/Assets/EnemySprites/Skeletions/Animations/Idle/idle6.png using Guid(8adda5caf49f11d40ad5a79fd143dee6) Importer(815301076,1909f56bfc062723c751e8b465ee728b)  -> (artifact id: 'ec0b34189090c693a76db885aa9f3221') in 0.015981 seconds 
========================================================================
Received Import Request.
  Time since last request: 9.879339 seconds.
  path: Assets/Assets/EnemySprites/Skeletions/Animations/Idle/idle2.png
  artifactKey: Guid(0cc86988a0d978b478fbe16d03263ad3) Importer(815301076,1909f56bfc062723c751e8b465ee728b)
Start importing Assets/Assets/EnemySprites/Skeletions/Animations/Idle/idle2.png using Guid(0cc86988a0d978b478fbe16d03263ad3) Importer(815301076,1909f56bfc062723c751e8b465ee728b)  -> (artifact id: '490d40f4626db2f25a23722a7024b26a') in 0.064446 seconds 
========================================================================
Received Import Request.
  Time since last request: 0.000048 seconds.
  path: Assets/Assets/EnemySprites/Skeletions/Animations/Idle/idle5.png
  artifactKey: Guid(7eb619268377f6c4dbe47f86f6f1a910) Importer(815301076,1909f56bfc062723c751e8b465ee728b)
Start importing Assets/Assets/EnemySprites/Skeletions/Animations/Idle/idle5.png using Guid(7eb619268377f6c4dbe47f86f6f1a910) Importer(815301076,1909f56bfc062723c751e8b465ee728b)  -> (artifact id: '4039630a5699fc839519b6a8f77c4f46') in 0.018709 seconds 
========================================================================
Received Import Request.
  Time since last request: 0.000039 seconds.
  path: Assets/Assets/EnemySprites/Skeletions/Animations/Idle/idle7.png
  artifactKey: Guid(ab33e587d3b1c7a409d8c9ca19982f61) Importer(815301076,1909f56bfc062723c751e8b465ee728b)
Start importing Assets/Assets/EnemySprites/Skeletions/Animations/Idle/idle7.png using Guid(ab33e587d3b1c7a409d8c9ca19982f61) Importer(815301076,1909f56bfc062723c751e8b465ee728b)  -> (artifact id: 'fb58a3abbbeb38fe143e49890bcdbaec') in 0.026699 seconds 
Editor requested this worker to shutdown with reason: Scaling down because of idle timeout
AssetImportWorker is now disconnected from the server
Process exiting
Exiting without the bug reporter. Application will terminate with return code 0