Using pre-set license
Built from '2021.3/release' branch; Version is '2021.3.27f1 (ca3ffb99bcc6) revision 13254651'; Using compiler version '192829333'; Build Type 'Release'
OS: 'Windows 10  (10.0.19045) 64bit Professional' Language: 'ru' Physical Memory: 7561 MB
BatchMode: 1, IsHumanControllingUs: 0, StartBugReporterOnCrash: 0, Is64bit: 1, IsPro: 1

COMMAND LINE ARGUMENTS:
C:\Program Files\Unity\Hub\Editor\2021.3.27f1\Editor\Unity.exe
-adb2
-batchMode
-noUpm
-name
AssetImportWorker2
-projectPath
C:/Users/ромка/PP_04_Yusupov.R.S/Hero's Path
-logFile
Logs/AssetImportWorker2.log
-srvPort
61486
Successfully changed project path to: C:/Users/ромка/PP_04_Yusupov.R.S/Hero's Path
C:/Users/ромка/PP_04_Yusupov.R.S/Hero's Path
[UnityMemory] Configuration Parameters - Can be set up in boot.config
    "memorysetup-bucket-allocator-granularity=16"
    "memorysetup-bucket-allocator-bucket-count=8"
    "memorysetup-bucket-allocator-block-size=33554432"
    "memorysetup-bucket-allocator-block-count=8"
    "memorysetup-main-allocator-block-size=16777216"
    "memorysetup-thread-allocator-block-size=16777216"
    "memorysetup-gfx-main-allocator-block-size=16777216"
    "memorysetup-gfx-thread-allocator-block-size=16777216"
    "memorysetup-cache-allocator-block-size=4194304"
    "memorysetup-typetree-allocator-block-size=2097152"
    "memorysetup-profiler-bucket-allocator-granularity=16"
    "memorysetup-profiler-bucket-allocator-bucket-count=8"
    "memorysetup-profiler-bucket-allocator-block-size=33554432"
    "memorysetup-profiler-bucket-allocator-block-count=8"
    "memorysetup-profiler-allocator-block-size=16777216"
    "memorysetup-profiler-editor-allocator-block-size=1048576"
    "memorysetup-temp-allocator-size-main=16777216"
    "memorysetup-job-temp-allocator-block-size=2097152"
    "memorysetup-job-temp-allocator-block-size-background=1048576"
    "memorysetup-job-temp-allocator-reduction-small-platforms=262144"
    "memorysetup-temp-allocator-size-background-worker=32768"
    "memorysetup-temp-allocator-size-job-worker=262144"
    "memorysetup-temp-allocator-size-preload-manager=33554432"
    "memorysetup-temp-allocator-size-nav-mesh-worker=65536"
    "memorysetup-temp-allocator-size-audio-worker=65536"
    "memorysetup-temp-allocator-size-cloud-worker=32768"
    "memorysetup-temp-allocator-size-gi-baking-worker=262144"
    "memorysetup-temp-allocator-size-gfx=262144"
Player connection [11040] Host "[IP] 192.168.56.1 [Port] 0 [Flags] 2 [Guid] 2988091629 [EditorId] 2988091629 [Version] 1048832 [Id] WindowsEditor(7,noyt) [Debug] 1 [PackageName] WindowsEditor [ProjectName] Editor" joined multi-casting on [225.0.0.222:54997]...

Player connection [11040] Host "[IP] 192.168.56.1 [Port] 0 [Flags] 2 [Guid] 2988091629 [EditorId] 2988091629 [Version] 1048832 [Id] WindowsEditor(7,noyt) [Debug] 1 [PackageName] WindowsEditor [ProjectName] Editor" joined alternative multi-casting on [225.0.0.222:34997]...

Refreshing native plugins compatible for Editor in 90.26 ms, found 4 plugins.
Preloading 0 native plugins for Editor in 0.00 ms.
Initialize engine version: 2021.3.27f1 (ca3ffb99bcc6)
[Subsystems] Discovering subsystems at path C:/Program Files/Unity/Hub/Editor/2021.3.27f1/Editor/Data/Resources/UnitySubsystems
[Subsystems] Discovering subsystems at path C:/Users/ромка/PP_04_Yusupov.R.S/Hero's Path/Assets
GfxDevice: creating device client; threaded=0; jobified=0
Direct3D:
    Version:  Direct3D 11.0 [level 11.1]
    Renderer: AMD Radeon (TM) Graphics (ID=0x15e7)
    Vendor:   ATI
    VRAM:     3780 MB
    Driver:   30.0.14042.0
Initialize mono
Mono path[0] = 'C:/Program Files/Unity/Hub/Editor/2021.3.27f1/Editor/Data/Managed'
Mono path[1] = 'C:/Program Files/Unity/Hub/Editor/2021.3.27f1/Editor/Data/MonoBleedingEdge/lib/mono/unityjit-win32'
Mono config path = 'C:/Program Files/Unity/Hub/Editor/2021.3.27f1/Editor/Data/MonoBleedingEdge/etc'
Using monoOptions --debugger-agent=transport=dt_socket,embedding=1,server=y,suspend=n,address=127.0.0.1:56344
Begin MonoManager ReloadAssembly
Registering precompiled unity dll's ...
Register platform support module: C:/Program Files/Unity/Hub/Editor/2021.3.27f1/Editor/Data/PlaybackEngines/WindowsStandaloneSupport/UnityEditor.WindowsStandalone.Extensions.dll
Registered in 0.079519 seconds.
Native extension for WindowsStandalone target not found
Refreshing native plugins compatible for Editor in 89.67 ms, found 4 plugins.
Preloading 0 native plugins for Editor in 0.00 ms.
Mono: successfully reloaded assembly
- Completed reload, in  4.572 seconds
Domain Reload Profiling:
	ReloadAssembly (4572ms)
		BeginReloadAssembly (3401ms)
			ExecutionOrderSort (0ms)
			DisableScriptedObjects (0ms)
			BackupInstance (0ms)
			ReleaseScriptingObjects (0ms)
			CreateAndSetChildDomain (1ms)
		EndReloadAssembly (800ms)
			LoadAssemblies (3399ms)
			RebuildTransferFunctionScriptingTraits (0ms)
			SetupTypeCache (485ms)
			ReleaseScriptCaches (0ms)
			RebuildScriptCaches (21ms)
			SetupLoadedEditorAssemblies (249ms)
				LogAssemblyErrors (0ms)
				InitializePlatformSupportModulesInManaged (8ms)
				SetLoadedEditorAssemblies (0ms)
				RefreshPlugins (90ms)
				BeforeProcessingInitializeOnLoad (1ms)
				ProcessInitializeOnLoadAttributes (98ms)
				ProcessInitializeOnLoadMethodAttributes (52ms)
				AfterProcessingInitializeOnLoad (0ms)
				EditorAssembliesLoaded (0ms)
			ExecutionOrderSort2 (0ms)
			AwakeInstancesAfterBackupRestoration (0ms)
Platform modules already initialized, skipping
Registering precompiled user dll's ...
Registered in 0.006083 seconds.
Begin MonoManager ReloadAssembly
Symbol file LoadedFromMemory doesn't match image C:\Users\ромка\PP_04_Yusupov.R.S\Hero's Path\Library\PackageCache\com.unity.visualscripting@1.8.0\Editor\VisualScripting.Core\Dependencies\YamlDotNet\Unity.VisualScripting.YamlDotNet.dll
Symbol file LoadedFromMemory doesn't match image C:\Users\ромка\PP_04_Yusupov.R.S\Hero's Path\Library\PackageCache\com.unity.visualscripting@1.8.0\Editor\VisualScripting.Core\Dependencies\DotNetZip\Unity.VisualScripting.IonicZip.dll
Native extension for WindowsStandalone target not found
Refreshing native plugins compatible for Editor in 82.26 ms, found 4 plugins.
Preloading 0 native plugins for Editor in 0.00 ms.
Mono: successfully reloaded assembly
- Completed reload, in  5.086 seconds
Domain Reload Profiling:
	ReloadAssembly (5086ms)
		BeginReloadAssembly (104ms)
			ExecutionOrderSort (0ms)
			DisableScriptedObjects (5ms)
			BackupInstance (0ms)
			ReleaseScriptingObjects (0ms)
			CreateAndSetChildDomain (19ms)
		EndReloadAssembly (4837ms)
			LoadAssemblies (3513ms)
			RebuildTransferFunctionScriptingTraits (0ms)
			SetupTypeCache (702ms)
			ReleaseScriptCaches (1ms)
			RebuildScriptCaches (48ms)
			SetupLoadedEditorAssemblies (546ms)
				LogAssemblyErrors (0ms)
				InitializePlatformSupportModulesInManaged (4ms)
				SetLoadedEditorAssemblies (0ms)
				RefreshPlugins (82ms)
				BeforeProcessingInitializeOnLoad (84ms)
				ProcessInitializeOnLoadAttributes (340ms)
				ProcessInitializeOnLoadMethodAttributes (29ms)
				AfterProcessingInitializeOnLoad (7ms)
				EditorAssembliesLoaded (0ms)
			ExecutionOrderSort2 (0ms)
			AwakeInstancesAfterBackupRestoration (4ms)
Platform modules already initialized, skipping
========================================================================
Worker process is ready to serve import requests
Launched and connected shader compiler UnityShaderCompiler.exe after 0.08 seconds
Refreshing native plugins compatible for Editor in 0.94 ms, found 4 plugins.
Preloading 0 native plugins for Editor in 0.00 ms.
Unloading 4305 Unused Serialized files (Serialized files now loaded: 0)
Unloading 51 unused Assets / (119.6 KB). Loaded Objects now: 4767.
Memory consumption went from 165.8 MB to 165.7 MB.
Total: 3.577700 ms (FindLiveObjects: 0.296300 ms CreateObjectMapping: 0.213700 ms MarkObjects: 2.951900 ms  DeleteObjects: 0.115100 ms)

AssetImportParameters requested are different than current active one (requested -> active):
  custom:video-decoder-ogg-theora: a1e56fd34408186e4bbccfd4996cb3dc -> 
  custom:container-muxer-webm: aa71ff27fc2769a1b78a27578f13a17b -> 
  custom:container-demuxer-webm: 4f35f7cbe854078d1ac9338744f61a02 -> 
  custom:video-encoder-webm-vp8: eb34c28f22e8b96e1ab97ce403110664 -> 
  custom:audio-encoder-webm-vorbis: bf7c407c2cedff20999df2af8eb42d56 -> 
  custom:framework-win-MediaFoundation: 216162199b28c13a410421893ffa2e32 -> 
  custom:container-demuxer-ogg: 62fdf1f143b41e24485cea50d1cbac27 -> 
  custom:video-decoder-webm-vp8: 9c59270c3fd7afecdb556c50c9e8de78 -> 
  custom:audio-decoder-ogg-vorbis: bf7c407c2cedff20999df2af8eb42d56 -> 
========================================================================
Received Import Request.
  Time since last request: 145955.050659 seconds.
  path: Assets/Assets
  artifactKey: Guid(09cba40a9a443d24ea0cc0d8ccdeb7ac) Importer(815301076,1909f56bfc062723c751e8b465ee728b)
Start importing Assets/Assets using Guid(09cba40a9a443d24ea0cc0d8ccdeb7ac) Importer(815301076,1909f56bfc062723c751e8b465ee728b)  -> (artifact id: '6f766af83e7e5f501464cc14a3d8b96d') in 0.036507 seconds 
========================================================================
Received Import Request.
  Time since last request: 1.858332 seconds.
  path: Assets/Assets/Maps
  artifactKey: Guid(570ff514c2f53064eb596b66671a0405) Importer(815301076,1909f56bfc062723c751e8b465ee728b)
Start importing Assets/Assets/Maps using Guid(570ff514c2f53064eb596b66671a0405) Importer(815301076,1909f56bfc062723c751e8b465ee728b)  -> (artifact id: '3d71da03991f3ecb181e24b6e9c842f6') in 0.013496 seconds 
========================================================================
Received Import Request.
  Time since last request: 0.925257 seconds.
  path: Assets/Assets/Player
  artifactKey: Guid(4c31b5bb8bfbe6c459720c54ece89c7a) Importer(815301076,1909f56bfc062723c751e8b465ee728b)
Start importing Assets/Assets/Player using Guid(4c31b5bb8bfbe6c459720c54ece89c7a) Importer(815301076,1909f56bfc062723c751e8b465ee728b)  -> (artifact id: 'bed63580660e59259878ba43b5c23511') in 0.011965 seconds 
========================================================================
Received Import Request.
  Time since last request: 0.074556 seconds.
  path: Assets/Assets/Player/Comparison2x.png
  artifactKey: Guid(11919f3c05cd246439b003eb6ea9e73f) Importer(815301076,1909f56bfc062723c751e8b465ee728b)
Start importing Assets/Assets/Player/Comparison2x.png using Guid(11919f3c05cd246439b003eb6ea9e73f) Importer(815301076,1909f56bfc062723c751e8b465ee728b)  -> (artifact id: 'a7ff8ca5fb2d058293b8a549007953d0') in 0.116057 seconds 
========================================================================
Received Import Request.
  Time since last request: 3.387179 seconds.
  path: Assets/Assets/GUI
  artifactKey: Guid(34c2d295e3ce8054b85a4cac533ec836) Importer(815301076,1909f56bfc062723c751e8b465ee728b)
Start importing Assets/Assets/GUI using Guid(34c2d295e3ce8054b85a4cac533ec836) Importer(815301076,1909f56bfc062723c751e8b465ee728b)  -> (artifact id: '2fba269b6a892a9afbf69e40e8d84682') in 0.011854 seconds 
========================================================================
Received Import Request.
  Time since last request: 19.555700 seconds.
  path: Assets/Bringer-Of-Death/Individual Sprite/Cast/Bringer-of-Death_Cast_1.png
  artifactKey: Guid(7bdb5a35bbd104141a8be8d85c0af216) Importer(815301076,1909f56bfc062723c751e8b465ee728b)
Start importing Assets/Bringer-Of-Death/Individual Sprite/Cast/Bringer-of-Death_Cast_1.png using Guid(7bdb5a35bbd104141a8be8d85c0af216) Importer(815301076,1909f56bfc062723c751e8b465ee728b)  -> (artifact id: 'bfef3b255a80660f7afc6d47c62334c8') in 0.060676 seconds 
========================================================================
Received Prepare
Registering precompiled user dll's ...
Registered in 0.005599 seconds.
Begin MonoManager ReloadAssembly
Symbol file LoadedFromMemory doesn't match image C:\Users\ромка\PP_04_Yusupov.R.S\Hero's Path\Library\PackageCache\com.unity.visualscripting@1.8.0\Editor\VisualScripting.Core\Dependencies\YamlDotNet\Unity.VisualScripting.YamlDotNet.dll
Symbol file LoadedFromMemory doesn't match image C:\Users\ромка\PP_04_Yusupov.R.S\Hero's Path\Library\PackageCache\com.unity.visualscripting@1.8.0\Editor\VisualScripting.Core\Dependencies\DotNetZip\Unity.VisualScripting.IonicZip.dll
Native extension for WindowsStandalone target not found
Refreshing native plugins compatible for Editor in 1.06 ms, found 4 plugins.
Preloading 0 native plugins for Editor in 0.00 ms.
Mono: successfully reloaded assembly
- Completed reload, in  1.187 seconds
Domain Reload Profiling:
	ReloadAssembly (1188ms)
		BeginReloadAssembly (159ms)
			ExecutionOrderSort (0ms)
			DisableScriptedObjects (8ms)
			BackupInstance (0ms)
			ReleaseScriptingObjects (0ms)
			CreateAndSetChildDomain (58ms)
		EndReloadAssembly (941ms)
			LoadAssemblies (93ms)
			RebuildTransferFunctionScriptingTraits (0ms)
			SetupTypeCache (242ms)
			ReleaseScriptCaches (2ms)
			RebuildScriptCaches (52ms)
			SetupLoadedEditorAssemblies (480ms)
				LogAssemblyErrors (0ms)
				InitializePlatformSupportModulesInManaged (5ms)
				SetLoadedEditorAssemblies (0ms)
				RefreshPlugins (1ms)
				BeforeProcessingInitializeOnLoad (74ms)
				ProcessInitializeOnLoadAttributes (326ms)
				ProcessInitializeOnLoadMethodAttributes (59ms)
				AfterProcessingInitializeOnLoad (14ms)
				EditorAssembliesLoaded (1ms)
			ExecutionOrderSort2 (0ms)
			AwakeInstancesAfterBackupRestoration (13ms)
Platform modules already initialized, skipping
Refreshing native plugins compatible for Editor in 6.20 ms, found 4 plugins.
Preloading 0 native plugins for Editor in 0.00 ms.
Unloading 4279 Unused Serialized files (Serialized files now loaded: 0)
Unloading 24 unused Assets / (92.7 KB). Loaded Objects now: 4789.
Memory consumption went from 167.3 MB to 167.2 MB.
Total: 15.612600 ms (FindLiveObjects: 1.583000 ms CreateObjectMapping: 0.799600 ms MarkObjects: 13.051500 ms  DeleteObjects: 0.175500 ms)

AssetImportParameters requested are different than current active one (requested -> active):
  custom:video-decoder-ogg-theora: a1e56fd34408186e4bbccfd4996cb3dc -> 
  custom:container-muxer-webm: aa71ff27fc2769a1b78a27578f13a17b -> 
  custom:container-demuxer-webm: 4f35f7cbe854078d1ac9338744f61a02 -> 
  custom:video-encoder-webm-vp8: eb34c28f22e8b96e1ab97ce403110664 -> 
  custom:audio-encoder-webm-vorbis: bf7c407c2cedff20999df2af8eb42d56 -> 
  custom:framework-win-MediaFoundation: 216162199b28c13a410421893ffa2e32 -> 
  custom:container-demuxer-ogg: 62fdf1f143b41e24485cea50d1cbac27 -> 
  custom:video-decoder-webm-vp8: 9c59270c3fd7afecdb556c50c9e8de78 -> 
  custom:audio-decoder-ogg-vorbis: bf7c407c2cedff20999df2af8eb42d56 -> 
========================================================================
Received Prepare
Registering precompiled user dll's ...
Registered in 0.005759 seconds.
Begin MonoManager ReloadAssembly
Symbol file LoadedFromMemory doesn't match image C:\Users\ромка\PP_04_Yusupov.R.S\Hero's Path\Library\PackageCache\com.unity.visualscripting@1.8.0\Editor\VisualScripting.Core\Dependencies\YamlDotNet\Unity.VisualScripting.YamlDotNet.dll
Symbol file LoadedFromMemory doesn't match image C:\Users\ромка\PP_04_Yusupov.R.S\Hero's Path\Library\PackageCache\com.unity.visualscripting@1.8.0\Editor\VisualScripting.Core\Dependencies\DotNetZip\Unity.VisualScripting.IonicZip.dll
Native extension for WindowsStandalone target not found
Refreshing native plugins compatible for Editor in 3.60 ms, found 4 plugins.
Preloading 0 native plugins for Editor in 0.00 ms.
Mono: successfully reloaded assembly
- Completed reload, in  1.752 seconds
Domain Reload Profiling:
	ReloadAssembly (1754ms)
		BeginReloadAssembly (172ms)
			ExecutionOrderSort (0ms)
			DisableScriptedObjects (8ms)
			BackupInstance (0ms)
			ReleaseScriptingObjects (0ms)
			CreateAndSetChildDomain (62ms)
		EndReloadAssembly (1499ms)
			LoadAssemblies (103ms)
			RebuildTransferFunctionScriptingTraits (0ms)
			SetupTypeCache (389ms)
			ReleaseScriptCaches (4ms)
			RebuildScriptCaches (110ms)
			SetupLoadedEditorAssemblies (790ms)
				LogAssemblyErrors (0ms)
				InitializePlatformSupportModulesInManaged (14ms)
				SetLoadedEditorAssemblies (2ms)
				RefreshPlugins (4ms)
				BeforeProcessingInitializeOnLoad (166ms)
				ProcessInitializeOnLoadAttributes (513ms)
				ProcessInitializeOnLoadMethodAttributes (72ms)
				AfterProcessingInitializeOnLoad (19ms)
				EditorAssembliesLoaded (1ms)
			ExecutionOrderSort2 (0ms)
			AwakeInstancesAfterBackupRestoration (14ms)
Platform modules already initialized, skipping
Refreshing native plugins compatible for Editor in 6.93 ms, found 4 plugins.
Preloading 0 native plugins for Editor in 0.00 ms.
Unloading 4279 Unused Serialized files (Serialized files now loaded: 0)
Unloading 24 unused Assets / (93.8 KB). Loaded Objects now: 4804.
Memory consumption went from 167.3 MB to 167.2 MB.
Total: 9.620800 ms (FindLiveObjects: 1.166100 ms CreateObjectMapping: 0.608200 ms MarkObjects: 7.756600 ms  DeleteObjects: 0.087100 ms)

AssetImportParameters requested are different than current active one (requested -> active):
  custom:video-decoder-ogg-theora: a1e56fd34408186e4bbccfd4996cb3dc -> 
  custom:container-muxer-webm: aa71ff27fc2769a1b78a27578f13a17b -> 
  custom:container-demuxer-webm: 4f35f7cbe854078d1ac9338744f61a02 -> 
  custom:video-encoder-webm-vp8: eb34c28f22e8b96e1ab97ce403110664 -> 
  custom:audio-encoder-webm-vorbis: bf7c407c2cedff20999df2af8eb42d56 -> 
  custom:framework-win-MediaFoundation: 216162199b28c13a410421893ffa2e32 -> 
  custom:container-demuxer-ogg: 62fdf1f143b41e24485cea50d1cbac27 -> 
  custom:video-decoder-webm-vp8: 9c59270c3fd7afecdb556c50c9e8de78 -> 
  custom:audio-decoder-ogg-vorbis: bf7c407c2cedff20999df2af8eb42d56 -> 
========================================================================
Received Prepare
Registering precompiled user dll's ...
Registered in 0.006836 seconds.
Begin MonoManager ReloadAssembly
Symbol file LoadedFromMemory doesn't match image C:\Users\ромка\PP_04_Yusupov.R.S\Hero's Path\Library\PackageCache\com.unity.visualscripting@1.8.0\Editor\VisualScripting.Core\Dependencies\YamlDotNet\Unity.VisualScripting.YamlDotNet.dll
Symbol file LoadedFromMemory doesn't match image C:\Users\ромка\PP_04_Yusupov.R.S\Hero's Path\Library\PackageCache\com.unity.visualscripting@1.8.0\Editor\VisualScripting.Core\Dependencies\DotNetZip\Unity.VisualScripting.IonicZip.dll
Native extension for WindowsStandalone target not found
Refreshing native plugins compatible for Editor in 0.77 ms, found 4 plugins.
Preloading 0 native plugins for Editor in 0.00 ms.
Mono: successfully reloaded assembly
- Completed reload, in  1.082 seconds
Domain Reload Profiling:
	ReloadAssembly (1082ms)
		BeginReloadAssembly (132ms)
			ExecutionOrderSort (0ms)
			DisableScriptedObjects (5ms)
			BackupInstance (0ms)
			ReleaseScriptingObjects (0ms)
			CreateAndSetChildDomain (35ms)
		EndReloadAssembly (867ms)
			LoadAssemblies (90ms)
			RebuildTransferFunctionScriptingTraits (0ms)
			SetupTypeCache (214ms)
			ReleaseScriptCaches (2ms)
			RebuildScriptCaches (54ms)
			SetupLoadedEditorAssemblies (455ms)
				LogAssemblyErrors (0ms)
				InitializePlatformSupportModulesInManaged (6ms)
				SetLoadedEditorAssemblies (0ms)
				RefreshPlugins (1ms)
				BeforeProcessingInitializeOnLoad (67ms)
				ProcessInitializeOnLoadAttributes (329ms)
				ProcessInitializeOnLoadMethodAttributes (40ms)
				AfterProcessingInitializeOnLoad (11ms)
				EditorAssembliesLoaded (0ms)
			ExecutionOrderSort2 (0ms)
			AwakeInstancesAfterBackupRestoration (9ms)
Platform modules already initialized, skipping
Refreshing native plugins compatible for Editor in 5.68 ms, found 4 plugins.
Preloading 0 native plugins for Editor in 0.00 ms.
Unloading 4279 Unused Serialized files (Serialized files now loaded: 0)
Unloading 24 unused Assets / (92.7 KB). Loaded Objects now: 4819.
Memory consumption went from 167.3 MB to 167.2 MB.
Total: 9.050600 ms (FindLiveObjects: 0.911900 ms CreateObjectMapping: 0.668900 ms MarkObjects: 7.363500 ms  DeleteObjects: 0.104600 ms)

AssetImportParameters requested are different than current active one (requested -> active):
  custom:video-decoder-ogg-theora: a1e56fd34408186e4bbccfd4996cb3dc -> 
  custom:container-muxer-webm: aa71ff27fc2769a1b78a27578f13a17b -> 
  custom:container-demuxer-webm: 4f35f7cbe854078d1ac9338744f61a02 -> 
  custom:video-encoder-webm-vp8: eb34c28f22e8b96e1ab97ce403110664 -> 
  custom:audio-encoder-webm-vorbis: bf7c407c2cedff20999df2af8eb42d56 -> 
  custom:framework-win-MediaFoundation: 216162199b28c13a410421893ffa2e32 -> 
  custom:container-demuxer-ogg: 62fdf1f143b41e24485cea50d1cbac27 -> 
  custom:video-decoder-webm-vp8: 9c59270c3fd7afecdb556c50c9e8de78 -> 
  custom:audio-decoder-ogg-vorbis: bf7c407c2cedff20999df2af8eb42d56 -> 
========================================================================
Received Prepare
Registering precompiled user dll's ...
Registered in 0.007063 seconds.
Begin MonoManager ReloadAssembly
Symbol file LoadedFromMemory doesn't match image C:\Users\ромка\PP_04_Yusupov.R.S\Hero's Path\Library\PackageCache\com.unity.visualscripting@1.8.0\Editor\VisualScripting.Core\Dependencies\YamlDotNet\Unity.VisualScripting.YamlDotNet.dll
Symbol file LoadedFromMemory doesn't match image C:\Users\ромка\PP_04_Yusupov.R.S\Hero's Path\Library\PackageCache\com.unity.visualscripting@1.8.0\Editor\VisualScripting.Core\Dependencies\DotNetZip\Unity.VisualScripting.IonicZip.dll
Native extension for WindowsStandalone target not found
Refreshing native plugins compatible for Editor in 1.56 ms, found 4 plugins.
Preloading 0 native plugins for Editor in 0.00 ms.
Mono: successfully reloaded assembly
- Completed reload, in  1.247 seconds
Domain Reload Profiling:
	ReloadAssembly (1247ms)
		BeginReloadAssembly (128ms)
			ExecutionOrderSort (0ms)
			DisableScriptedObjects (7ms)
			BackupInstance (0ms)
			ReleaseScriptingObjects (0ms)
			CreateAndSetChildDomain (37ms)
		EndReloadAssembly (1022ms)
			LoadAssemblies (81ms)
			RebuildTransferFunctionScriptingTraits (0ms)
			SetupTypeCache (179ms)
			ReleaseScriptCaches (1ms)
			RebuildScriptCaches (54ms)
			SetupLoadedEditorAssemblies (654ms)
				LogAssemblyErrors (0ms)
				InitializePlatformSupportModulesInManaged (7ms)
				SetLoadedEditorAssemblies (1ms)
				RefreshPlugins (2ms)
				BeforeProcessingInitializeOnLoad (94ms)
				ProcessInitializeOnLoadAttributes (501ms)
				ProcessInitializeOnLoadMethodAttributes (39ms)
				AfterProcessingInitializeOnLoad (10ms)
				EditorAssembliesLoaded (0ms)
			ExecutionOrderSort2 (0ms)
			AwakeInstancesAfterBackupRestoration (8ms)
Platform modules already initialized, skipping
Refreshing native plugins compatible for Editor in 8.87 ms, found 4 plugins.
Preloading 0 native plugins for Editor in 0.00 ms.
Unloading 4279 Unused Serialized files (Serialized files now loaded: 0)
Unloading 24 unused Assets / (92.7 KB). Loaded Objects now: 4834.
Memory consumption went from 167.3 MB to 167.2 MB.
Total: 17.498800 ms (FindLiveObjects: 1.692000 ms CreateObjectMapping: 0.923000 ms MarkObjects: 14.587300 ms  DeleteObjects: 0.293700 ms)

AssetImportParameters requested are different than current active one (requested -> active):
  custom:video-decoder-ogg-theora: a1e56fd34408186e4bbccfd4996cb3dc -> 
  custom:container-muxer-webm: aa71ff27fc2769a1b78a27578f13a17b -> 
  custom:container-demuxer-webm: 4f35f7cbe854078d1ac9338744f61a02 -> 
  custom:video-encoder-webm-vp8: eb34c28f22e8b96e1ab97ce403110664 -> 
  custom:audio-encoder-webm-vorbis: bf7c407c2cedff20999df2af8eb42d56 -> 
  custom:framework-win-MediaFoundation: 216162199b28c13a410421893ffa2e32 -> 
  custom:container-demuxer-ogg: 62fdf1f143b41e24485cea50d1cbac27 -> 
  custom:video-decoder-webm-vp8: 9c59270c3fd7afecdb556c50c9e8de78 -> 
  custom:audio-decoder-ogg-vorbis: bf7c407c2cedff20999df2af8eb42d56 -> 
========================================================================
Received Import Request.
  Time since last request: 223.049947 seconds.
  path: Assets/Animation/CanvasAnim/Death.controller
  artifactKey: Guid(01523e5317662e34795033bc6a008def) Importer(815301076,1909f56bfc062723c751e8b465ee728b)
Start importing Assets/Animation/CanvasAnim/Death.controller using Guid(01523e5317662e34795033bc6a008def) Importer(815301076,1909f56bfc062723c751e8b465ee728b)  -> (artifact id: 'a07008df6676120d31394897729b8db9') in 0.082211 seconds 
========================================================================
Received Prepare
Registering precompiled user dll's ...
Registered in 0.005545 seconds.
Begin MonoManager ReloadAssembly
Symbol file LoadedFromMemory doesn't match image C:\Users\ромка\PP_04_Yusupov.R.S\Hero's Path\Library\PackageCache\com.unity.visualscripting@1.8.0\Editor\VisualScripting.Core\Dependencies\YamlDotNet\Unity.VisualScripting.YamlDotNet.dll
Symbol file LoadedFromMemory doesn't match image C:\Users\ромка\PP_04_Yusupov.R.S\Hero's Path\Library\PackageCache\com.unity.visualscripting@1.8.0\Editor\VisualScripting.Core\Dependencies\DotNetZip\Unity.VisualScripting.IonicZip.dll
Native extension for WindowsStandalone target not found
Refreshing native plugins compatible for Editor in 6.05 ms, found 4 plugins.
Preloading 0 native plugins for Editor in 0.00 ms.
Mono: successfully reloaded assembly
- Completed reload, in  2.071 seconds
Domain Reload Profiling:
	ReloadAssembly (2072ms)
		BeginReloadAssembly (310ms)
			ExecutionOrderSort (0ms)
			DisableScriptedObjects (17ms)
			BackupInstance (0ms)
			ReleaseScriptingObjects (0ms)
			CreateAndSetChildDomain (131ms)
		EndReloadAssembly (1566ms)
			LoadAssemblies (180ms)
			RebuildTransferFunctionScriptingTraits (1ms)
			SetupTypeCache (407ms)
			ReleaseScriptCaches (14ms)
			RebuildScriptCaches (107ms)
			SetupLoadedEditorAssemblies (750ms)
				LogAssemblyErrors (0ms)
				InitializePlatformSupportModulesInManaged (14ms)
				SetLoadedEditorAssemblies (1ms)
				RefreshPlugins (6ms)
				BeforeProcessingInitializeOnLoad (162ms)
				ProcessInitializeOnLoadAttributes (493ms)
				ProcessInitializeOnLoadMethodAttributes (61ms)
				AfterProcessingInitializeOnLoad (13ms)
				EditorAssembliesLoaded (1ms)
			ExecutionOrderSort2 (0ms)
			AwakeInstancesAfterBackupRestoration (11ms)
Platform modules already initialized, skipping
Refreshing native plugins compatible for Editor in 8.01 ms, found 4 plugins.
Preloading 0 native plugins for Editor in 0.00 ms.
Unloading 4279 Unused Serialized files (Serialized files now loaded: 0)
Unloading 24 unused Assets / (92.7 KB). Loaded Objects now: 4849.
Memory consumption went from 167.3 MB to 167.2 MB.
Total: 14.454300 ms (FindLiveObjects: 1.761200 ms CreateObjectMapping: 0.650000 ms MarkObjects: 11.710100 ms  DeleteObjects: 0.331200 ms)

AssetImportParameters requested are different than current active one (requested -> active):
  custom:video-decoder-ogg-theora: a1e56fd34408186e4bbccfd4996cb3dc -> 
  custom:container-muxer-webm: aa71ff27fc2769a1b78a27578f13a17b -> 
  custom:container-demuxer-webm: 4f35f7cbe854078d1ac9338744f61a02 -> 
  custom:video-encoder-webm-vp8: eb34c28f22e8b96e1ab97ce403110664 -> 
  custom:audio-encoder-webm-vorbis: bf7c407c2cedff20999df2af8eb42d56 -> 
  custom:framework-win-MediaFoundation: 216162199b28c13a410421893ffa2e32 -> 
  custom:container-demuxer-ogg: 62fdf1f143b41e24485cea50d1cbac27 -> 
  custom:video-decoder-webm-vp8: 9c59270c3fd7afecdb556c50c9e8de78 -> 
  custom:audio-decoder-ogg-vorbis: bf7c407c2cedff20999df2af8eb42d56 -> 
========================================================================
Received Import Request.
  Time since last request: 402.436502 seconds.
  path: Assets/Animation/Death_Boss.controller
  artifactKey: Guid(a4ae5e378474cbb4384d715830ea4bfe) Importer(815301076,1909f56bfc062723c751e8b465ee728b)
Start importing Assets/Animation/Death_Boss.controller using Guid(a4ae5e378474cbb4384d715830ea4bfe) Importer(815301076,1909f56bfc062723c751e8b465ee728b)  -> (artifact id: 'b9837b9a71c9e8861d1f0b37cf7be07d') in 0.074102 seconds 
========================================================================
Received Import Request.
  Time since last request: 6.059805 seconds.
  path: Assets/Animation/Attack_Death.anim
  artifactKey: Guid(db3c138dfe9aa68439f87e4a95ff666e) Importer(815301076,1909f56bfc062723c751e8b465ee728b)
Start importing Assets/Animation/Attack_Death.anim using Guid(db3c138dfe9aa68439f87e4a95ff666e) Importer(815301076,1909f56bfc062723c751e8b465ee728b)  -> (artifact id: '453617625b66941548f61ef7400e857c') in 0.014714 seconds 
========================================================================
Received Import Request.
  Time since last request: 46.439966 seconds.
  path: Assets/Bringer-Of-Death/Contact.txt
  artifactKey: Guid(572ed9d57b93de14ab1913d169fa885a) Importer(815301076,1909f56bfc062723c751e8b465ee728b)
Start importing Assets/Bringer-Of-Death/Contact.txt using Guid(572ed9d57b93de14ab1913d169fa885a) Importer(815301076,1909f56bfc062723c751e8b465ee728b)  -> (artifact id: '80934417d9b1f41c870dcbf26dd64736') in 0.017137 seconds 
========================================================================
Received Import Request.
  Time since last request: 51.736448 seconds.
  path: Assets/Bringer-Of-Death/Individual Sprite/Idle
  artifactKey: Guid(5207d5c066064c842ad0c3976b7e2b86) Importer(815301076,1909f56bfc062723c751e8b465ee728b)
Start importing Assets/Bringer-Of-Death/Individual Sprite/Idle using Guid(5207d5c066064c842ad0c3976b7e2b86) Importer(815301076,1909f56bfc062723c751e8b465ee728b)  -> (artifact id: 'b1f9173c9c7213646f945e06ab531596') in 0.013650 seconds 
========================================================================
Received Import Request.
  Time since last request: 0.018839 seconds.
  path: Assets/Bringer-Of-Death/Individual Sprite/Idle/Bringer-of-Death_Idle_1.png
  artifactKey: Guid(fc97dbfcf6cfd694ba76dc2198e3ee7f) Importer(815301076,1909f56bfc062723c751e8b465ee728b)
Start importing Assets/Bringer-Of-Death/Individual Sprite/Idle/Bringer-of-Death_Idle_1.png using Guid(fc97dbfcf6cfd694ba76dc2198e3ee7f) Importer(815301076,1909f56bfc062723c751e8b465ee728b)  -> (artifact id: 'da9254da8b831aee8ce908716251aa8d') in 0.083518 seconds 
========================================================================
Received Import Request.
  Time since last request: 0.000026 seconds.
  path: Assets/Bringer-Of-Death/Individual Sprite/Idle/Bringer-of-Death_Idle_4.png
  artifactKey: Guid(3d3ede0bf76891546b1d8d45215990fb) Importer(815301076,1909f56bfc062723c751e8b465ee728b)
Start importing Assets/Bringer-Of-Death/Individual Sprite/Idle/Bringer-of-Death_Idle_4.png using Guid(3d3ede0bf76891546b1d8d45215990fb) Importer(815301076,1909f56bfc062723c751e8b465ee728b)  -> (artifact id: '4aadfc52c716b7cf958cc58c24a88d31') in 0.029307 seconds 
========================================================================
Received Import Request.
  Time since last request: 0.000024 seconds.
  path: Assets/Bringer-Of-Death/Individual Sprite/Idle/New Sprite Atlas.spriteatlas
  artifactKey: Guid(6f92c51569e79f24cbd80cddb4cab4a0) Importer(815301076,1909f56bfc062723c751e8b465ee728b)
Start importing Assets/Bringer-Of-Death/Individual Sprite/Idle/New Sprite Atlas.spriteatlas using Guid(6f92c51569e79f24cbd80cddb4cab4a0) Importer(815301076,1909f56bfc062723c751e8b465ee728b)  -> (artifact id: '31ae6e8c76b5d2769315fdecfbc9d39c') in 0.011942 seconds 
========================================================================
Received Import Request.
  Time since last request: 0.000041 seconds.
  path: Assets/Bringer-Of-Death/Individual Sprite/Idle/Bringer-of-Death_Idle_7.png
  artifactKey: Guid(b1fc389b1aad7394186abf486afc48da) Importer(815301076,1909f56bfc062723c751e8b465ee728b)
Start importing Assets/Bringer-Of-Death/Individual Sprite/Idle/Bringer-of-Death_Idle_7.png using Guid(b1fc389b1aad7394186abf486afc48da) Importer(815301076,1909f56bfc062723c751e8b465ee728b)  -> (artifact id: '8815c2074c3ca156c337f112ab4232df') in 0.029282 seconds 
========================================================================
Received Import Request.
  Time since last request: 0.000058 seconds.
  path: Assets/Bringer-Of-Death/Individual Sprite/Idle/Bringer-of-Death_Idle_3.png
  artifactKey: Guid(372055a78bc03104997f0abff14a9de0) Importer(815301076,1909f56bfc062723c751e8b465ee728b)
Start importing Assets/Bringer-Of-Death/Individual Sprite/Idle/Bringer-of-Death_Idle_3.png using Guid(372055a78bc03104997f0abff14a9de0) Importer(815301076,1909f56bfc062723c751e8b465ee728b)  -> (artifact id: '5de977645179ae1aa4a480e1a0bacbed') in 0.029226 seconds 
Editor requested this worker to shutdown with reason: Scaling down because of idle timeout
AssetImportWorker is now disconnected from the server
Process exiting
Exiting without the bug reporter. Application will terminate with return code 0