Using pre-set license
Built from '2021.3/release' branch; Version is '2021.3.27f1 (ca3ffb99bcc6) revision 13254651'; Using compiler version '192829333'; Build Type 'Release'
OS: 'Windows 10  (10.0.19045) 64bit Professional' Language: 'ru' Physical Memory: 16313 MB
BatchMode: 1, IsHumanControllingUs: 0, StartBugReporterOnCrash: 0, Is64bit: 1, IsPro: 1

COMMAND LINE ARGUMENTS:
D:\unity\2021.3.27f1\Editor\Unity.exe
-adb2
-batchMode
-noUpm
-name
AssetImportWorker2
-projectPath
C:/Users/romka/PP_04_Yusupov.R.S/Hero's Path
-logFile
Logs/AssetImportWorker2.log
-srvPort
60547
Successfully changed project path to: C:/Users/romka/PP_04_Yusupov.R.S/Hero's Path
C:/Users/romka/PP_04_Yusupov.R.S/Hero's Path
[UnityMemory] Configuration Parameters - Can be set up in boot.config
    "memorysetup-bucket-allocator-granularity=16"
    "memorysetup-bucket-allocator-bucket-count=8"
    "memorysetup-bucket-allocator-block-size=33554432"
    "memorysetup-bucket-allocator-block-count=8"
    "memorysetup-main-allocator-block-size=16777216"
    "memorysetup-thread-allocator-block-size=16777216"
    "memorysetup-gfx-main-allocator-block-size=16777216"
    "memorysetup-gfx-thread-allocator-block-size=16777216"
    "memorysetup-cache-allocator-block-size=4194304"
    "memorysetup-typetree-allocator-block-size=2097152"
    "memorysetup-profiler-bucket-allocator-granularity=16"
    "memorysetup-profiler-bucket-allocator-bucket-count=8"
    "memorysetup-profiler-bucket-allocator-block-size=33554432"
    "memorysetup-profiler-bucket-allocator-block-count=8"
    "memorysetup-profiler-allocator-block-size=16777216"
    "memorysetup-profiler-editor-allocator-block-size=1048576"
    "memorysetup-temp-allocator-size-main=16777216"
    "memorysetup-job-temp-allocator-block-size=2097152"
    "memorysetup-job-temp-allocator-block-size-background=1048576"
    "memorysetup-job-temp-allocator-reduction-small-platforms=262144"
    "memorysetup-temp-allocator-size-background-worker=32768"
    "memorysetup-temp-allocator-size-job-worker=262144"
    "memorysetup-temp-allocator-size-preload-manager=33554432"
    "memorysetup-temp-allocator-size-nav-mesh-worker=65536"
    "memorysetup-temp-allocator-size-audio-worker=65536"
    "memorysetup-temp-allocator-size-cloud-worker=32768"
    "memorysetup-temp-allocator-size-gi-baking-worker=262144"
    "memorysetup-temp-allocator-size-gfx=262144"
Player connection [22208] Host "[IP] 192.168.1.71 [Port] 0 [Flags] 2 [Guid] 1483724775 [EditorId] 1483724775 [Version] 1048832 [Id] WindowsEditor(7,POPC) [Debug] 1 [PackageName] WindowsEditor [ProjectName] Editor" joined multi-casting on [225.0.0.222:54997]...

Player connection [22208] Host "[IP] 192.168.1.71 [Port] 0 [Flags] 2 [Guid] 1483724775 [EditorId] 1483724775 [Version] 1048832 [Id] WindowsEditor(7,POPC) [Debug] 1 [PackageName] WindowsEditor [ProjectName] Editor" joined alternative multi-casting on [225.0.0.222:34997]...

Refreshing native plugins compatible for Editor in 101.52 ms, found 4 plugins.
Preloading 0 native plugins for Editor in 0.00 ms.
Initialize engine version: 2021.3.27f1 (ca3ffb99bcc6)
[Subsystems] Discovering subsystems at path D:/unity/2021.3.27f1/Editor/Data/Resources/UnitySubsystems
[Subsystems] Discovering subsystems at path C:/Users/romka/PP_04_Yusupov.R.S/Hero's Path/Assets
GfxDevice: creating device client; threaded=0; jobified=0
Direct3D:
    Version:  Direct3D 11.0 [level 11.1]
    Renderer: NVIDIA GeForce GTX 1660 (ID=0x2184)
    Vendor:   NVIDIA
    VRAM:     5980 MB
    Driver:   31.0.15.3168
Initialize mono
Mono path[0] = 'D:/unity/2021.3.27f1/Editor/Data/Managed'
Mono path[1] = 'D:/unity/2021.3.27f1/Editor/Data/MonoBleedingEdge/lib/mono/unityjit-win32'
Mono config path = 'D:/unity/2021.3.27f1/Editor/Data/MonoBleedingEdge/etc'
Using monoOptions --debugger-agent=transport=dt_socket,embedding=1,server=y,suspend=n,address=127.0.0.1:56204
Begin MonoManager ReloadAssembly
Registering precompiled unity dll's ...
Register platform support module: D:/unity/2021.3.27f1/Editor/Data/PlaybackEngines/WindowsStandaloneSupport/UnityEditor.WindowsStandalone.Extensions.dll
Registered in 0.003025 seconds.
Native extension for WindowsStandalone target not found
Refreshing native plugins compatible for Editor in 98.44 ms, found 4 plugins.
Preloading 0 native plugins for Editor in 0.00 ms.
Mono: successfully reloaded assembly
- Completed reload, in  0.593 seconds
Domain Reload Profiling:
	ReloadAssembly (593ms)
		BeginReloadAssembly (91ms)
			ExecutionOrderSort (0ms)
			DisableScriptedObjects (0ms)
			BackupInstance (0ms)
			ReleaseScriptingObjects (0ms)
			CreateAndSetChildDomain (1ms)
		EndReloadAssembly (419ms)
			LoadAssemblies (90ms)
			RebuildTransferFunctionScriptingTraits (0ms)
			SetupTypeCache (92ms)
			ReleaseScriptCaches (0ms)
			RebuildScriptCaches (25ms)
			SetupLoadedEditorAssemblies (260ms)
				LogAssemblyErrors (0ms)
				InitializePlatformSupportModulesInManaged (6ms)
				SetLoadedEditorAssemblies (0ms)
				RefreshPlugins (99ms)
				BeforeProcessingInitializeOnLoad (1ms)
				ProcessInitializeOnLoadAttributes (113ms)
				ProcessInitializeOnLoadMethodAttributes (41ms)
				AfterProcessingInitializeOnLoad (0ms)
				EditorAssembliesLoaded (0ms)
			ExecutionOrderSort2 (0ms)
			AwakeInstancesAfterBackupRestoration (0ms)
Platform modules already initialized, skipping
Registering precompiled user dll's ...
Registered in 0.007975 seconds.
Begin MonoManager ReloadAssembly
Symbol file LoadedFromMemory doesn't match image C:\Users\romka\PP_04_Yusupov.R.S\Hero's Path\Library\PackageCache\com.unity.visualscripting@1.8.0\Editor\VisualScripting.Core\Dependencies\YamlDotNet\Unity.VisualScripting.YamlDotNet.dll
Symbol file LoadedFromMemory doesn't match image C:\Users\romka\PP_04_Yusupov.R.S\Hero's Path\Library\PackageCache\com.unity.visualscripting@1.8.0\Editor\VisualScripting.Core\Dependencies\DotNetZip\Unity.VisualScripting.IonicZip.dll
Native extension for WindowsStandalone target not found
Refreshing native plugins compatible for Editor in 96.60 ms, found 4 plugins.
Preloading 0 native plugins for Editor in 0.00 ms.
Mono: successfully reloaded assembly
- Completed reload, in  1.090 seconds
Domain Reload Profiling:
	ReloadAssembly (1091ms)
		BeginReloadAssembly (122ms)
			ExecutionOrderSort (0ms)
			DisableScriptedObjects (6ms)
			BackupInstance (0ms)
			ReleaseScriptingObjects (0ms)
			CreateAndSetChildDomain (18ms)
		EndReloadAssembly (871ms)
			LoadAssemblies (103ms)
			RebuildTransferFunctionScriptingTraits (0ms)
			SetupTypeCache (216ms)
			ReleaseScriptCaches (1ms)
			RebuildScriptCaches (51ms)
			SetupLoadedEditorAssemblies (482ms)
				LogAssemblyErrors (0ms)
				InitializePlatformSupportModulesInManaged (3ms)
				SetLoadedEditorAssemblies (1ms)
				RefreshPlugins (97ms)
				BeforeProcessingInitializeOnLoad (93ms)
				ProcessInitializeOnLoadAttributes (253ms)
				ProcessInitializeOnLoadMethodAttributes (33ms)
				AfterProcessingInitializeOnLoad (3ms)
				EditorAssembliesLoaded (0ms)
			ExecutionOrderSort2 (0ms)
			AwakeInstancesAfterBackupRestoration (6ms)
Platform modules already initialized, skipping
========================================================================
Worker process is ready to serve import requests
Launched and connected shader compiler UnityShaderCompiler.exe after 0.04 seconds
Refreshing native plugins compatible for Editor in 0.94 ms, found 4 plugins.
Preloading 0 native plugins for Editor in 0.00 ms.
Unloading 4141 Unused Serialized files (Serialized files now loaded: 0)
Unloading 38 unused Assets / (46.7 KB). Loaded Objects now: 4604.
Memory consumption went from 160.0 MB to 160.0 MB.
Total: 3.210200 ms (FindLiveObjects: 0.355200 ms CreateObjectMapping: 0.109000 ms MarkObjects: 2.632400 ms  DeleteObjects: 0.112700 ms)

AssetImportParameters requested are different than current active one (requested -> active):
  custom:video-decoder-ogg-theora: a1e56fd34408186e4bbccfd4996cb3dc -> 
  custom:container-muxer-webm: aa71ff27fc2769a1b78a27578f13a17b -> 
  custom:container-demuxer-webm: 4f35f7cbe854078d1ac9338744f61a02 -> 
  custom:video-encoder-webm-vp8: eb34c28f22e8b96e1ab97ce403110664 -> 
  custom:audio-encoder-webm-vorbis: bf7c407c2cedff20999df2af8eb42d56 -> 
  custom:framework-win-MediaFoundation: 216162199b28c13a410421893ffa2e32 -> 
  custom:container-demuxer-ogg: 62fdf1f143b41e24485cea50d1cbac27 -> 
  custom:video-decoder-webm-vp8: 9c59270c3fd7afecdb556c50c9e8de78 -> 
  custom:audio-decoder-ogg-vorbis: bf7c407c2cedff20999df2af8eb42d56 -> 
========================================================================
Received Import Request.
  Time since last request: 4957.824931 seconds.
  path: Assets/StatusBar/HealthBar.png
  artifactKey: Guid(4508dda3551ff19488cd43d815a49c98) Importer(815301076,1909f56bfc062723c751e8b465ee728b)
Start importing Assets/StatusBar/HealthBar.png using Guid(4508dda3551ff19488cd43d815a49c98) Importer(815301076,1909f56bfc062723c751e8b465ee728b)  -> (artifact id: '7b08be7564ef17f3b83b68477d863606') in 0.093736 seconds 
========================================================================
Received Import Request.
  Time since last request: 8.209160 seconds.
  path: Assets/StatusBar/HealthBar.png
  artifactKey: Guid(4508dda3551ff19488cd43d815a49c98) Importer(815301076,1909f56bfc062723c751e8b465ee728b)
Start importing Assets/StatusBar/HealthBar.png using Guid(4508dda3551ff19488cd43d815a49c98) Importer(815301076,1909f56bfc062723c751e8b465ee728b)  -> (artifact id: 'f7467f68990b23238391de2f616c68e6') in 0.014752 seconds 
========================================================================
Received Import Request.
  Time since last request: 13.280963 seconds.
  path: Assets/StatusBar/HealthBar.png
  artifactKey: Guid(4508dda3551ff19488cd43d815a49c98) Importer(815301076,1909f56bfc062723c751e8b465ee728b)
Start importing Assets/StatusBar/HealthBar.png using Guid(4508dda3551ff19488cd43d815a49c98) Importer(815301076,1909f56bfc062723c751e8b465ee728b)  -> (artifact id: 'f858b21a3ec01bf37c302d33f6509c39') in 0.081123 seconds 
========================================================================
Received Import Request.
  Time since last request: 11.320792 seconds.
  path: Assets/StatusBar/ManaBar.png
  artifactKey: Guid(a5e202e57a3e5724d86c3357fe194c3d) Importer(815301076,1909f56bfc062723c751e8b465ee728b)
Start importing Assets/StatusBar/ManaBar.png using Guid(a5e202e57a3e5724d86c3357fe194c3d) Importer(815301076,1909f56bfc062723c751e8b465ee728b)  -> (artifact id: '50d226cf81e18db3dbbdeb5f0bb2769a') in 0.011561 seconds 
========================================================================
Received Import Request.
  Time since last request: 36.849313 seconds.
  path: Assets/StatusBar/ManaBar.png
  artifactKey: Guid(a5e202e57a3e5724d86c3357fe194c3d) Importer(815301076,1909f56bfc062723c751e8b465ee728b)
Start importing Assets/StatusBar/ManaBar.png using Guid(a5e202e57a3e5724d86c3357fe194c3d) Importer(815301076,1909f56bfc062723c751e8b465ee728b)  -> (artifact id: 'ded66caa6ec974070614d9d2d4a8da6f') in 0.027214 seconds 
========================================================================
Received Import Request.
  Time since last request: 17.998583 seconds.
  path: Assets/StatusBar/Portrait.png
  artifactKey: Guid(97a54ab8bb49fc84199efa1c9c12bf0d) Importer(815301076,1909f56bfc062723c751e8b465ee728b)
Start importing Assets/StatusBar/Portrait.png using Guid(97a54ab8bb49fc84199efa1c9c12bf0d) Importer(815301076,1909f56bfc062723c751e8b465ee728b)  -> (artifact id: 'f47626036fa7287ba909721da65b5082') in 0.012069 seconds 
========================================================================
Received Import Request.
  Time since last request: 7.875285 seconds.
  path: Assets/StatusBar/Portrait.png
  artifactKey: Guid(97a54ab8bb49fc84199efa1c9c12bf0d) Importer(815301076,1909f56bfc062723c751e8b465ee728b)
Start importing Assets/StatusBar/Portrait.png using Guid(97a54ab8bb49fc84199efa1c9c12bf0d) Importer(815301076,1909f56bfc062723c751e8b465ee728b)  -> (artifact id: '419461aaef08218ee832fa2bb7ee07d8') in 0.033683 seconds 
========================================================================
Received Import Request.
  Time since last request: 15.774178 seconds.
  path: Assets/StatusBar/Portrait
  artifactKey: Guid(83076ae793c40e347b504ac4287b8df3) Importer(815301076,1909f56bfc062723c751e8b465ee728b)
Start importing Assets/StatusBar/Portrait using Guid(83076ae793c40e347b504ac4287b8df3) Importer(815301076,1909f56bfc062723c751e8b465ee728b)  -> (artifact id: '17ab9ca434175a8cc1b920a2558d719c') in 0.002250 seconds 
========================================================================
Received Import Request.
  Time since last request: 0.004317 seconds.
  path: Assets/StatusBar/Portrait/JoannaDarcIII.png
  artifactKey: Guid(b4b009af8b3c2bd43b9bc1e835e31a5c) Importer(815301076,1909f56bfc062723c751e8b465ee728b)
Start importing Assets/StatusBar/Portrait/JoannaDarcIII.png using Guid(b4b009af8b3c2bd43b9bc1e835e31a5c) Importer(815301076,1909f56bfc062723c751e8b465ee728b)  -> (artifact id: 'e1f1c3b19bed8f4a3b28e30ab3147bc0') in 0.012779 seconds 
========================================================================
Received Import Request.
  Time since last request: 0.138124 seconds.
  path: Assets/StatusBar/Portrait/Glass
  artifactKey: Guid(3d77b5a3b1caebe40af99178d01f861c) Importer(815301076,1909f56bfc062723c751e8b465ee728b)
Start importing Assets/StatusBar/Portrait/Glass using Guid(3d77b5a3b1caebe40af99178d01f861c) Importer(815301076,1909f56bfc062723c751e8b465ee728b)  -> (artifact id: 'a2f83c379857cacd391be469dc081eac') in 0.008718 seconds 
========================================================================
Received Import Request.
  Time since last request: 9.171923 seconds.
  path: Assets/StatusBar/Portrait/JoannaDarcIII.png
  artifactKey: Guid(b4b009af8b3c2bd43b9bc1e835e31a5c) Importer(815301076,1909f56bfc062723c751e8b465ee728b)
Start importing Assets/StatusBar/Portrait/JoannaDarcIII.png using Guid(b4b009af8b3c2bd43b9bc1e835e31a5c) Importer(815301076,1909f56bfc062723c751e8b465ee728b)  -> (artifact id: '280e0cdaa6c9d950d0d25993c994d0ae') in 0.012437 seconds 
========================================================================
Received Import Request.
  Time since last request: 5.949031 seconds.
  path: Assets/StatusBar/Portrait/JoannaDarcIII.png
  artifactKey: Guid(b4b009af8b3c2bd43b9bc1e835e31a5c) Importer(815301076,1909f56bfc062723c751e8b465ee728b)
Start importing Assets/StatusBar/Portrait/JoannaDarcIII.png using Guid(b4b009af8b3c2bd43b9bc1e835e31a5c) Importer(815301076,1909f56bfc062723c751e8b465ee728b)  -> (artifact id: '565908550db88fee9e7cdd457cb68dda') in 0.014136 seconds 
========================================================================
Received Import Request.
  Time since last request: 2.728682 seconds.
  path: Assets/StatusBar/Portrait/Glass/Glass
  artifactKey: Guid(3fbf5cdec5160df48b89ab5b7437ee41) Importer(815301076,1909f56bfc062723c751e8b465ee728b)
Start importing Assets/StatusBar/Portrait/Glass/Glass using Guid(3fbf5cdec5160df48b89ab5b7437ee41) Importer(815301076,1909f56bfc062723c751e8b465ee728b)  -> (artifact id: '21b3d5a04756aab2e7b5d5fa6aca7c32') in 0.008849 seconds 
========================================================================
Received Import Request.
  Time since last request: 0.062453 seconds.
  path: Assets/StatusBar/Portrait/Glass/Glass/Glass.png
  artifactKey: Guid(f55533cb856f9b74b9cb031a1058f11c) Importer(815301076,1909f56bfc062723c751e8b465ee728b)
Start importing Assets/StatusBar/Portrait/Glass/Glass/Glass.png using Guid(f55533cb856f9b74b9cb031a1058f11c) Importer(815301076,1909f56bfc062723c751e8b465ee728b)  -> (artifact id: '372876d190884ad4584ccdfdf0a74ee3') in 0.012472 seconds 
========================================================================
Received Import Request.
  Time since last request: 4.172140 seconds.
  path: Assets/StatusBar/Portrait/Glass/Glass/BreakWithBorder
  artifactKey: Guid(c0ef4a88a08f31d4e9a5f42469b84dd2) Importer(815301076,1909f56bfc062723c751e8b465ee728b)
Start importing Assets/StatusBar/Portrait/Glass/Glass/BreakWithBorder using Guid(c0ef4a88a08f31d4e9a5f42469b84dd2) Importer(815301076,1909f56bfc062723c751e8b465ee728b)  -> (artifact id: '7c5ca35fcb372b8b32216a6ea89bfa01') in 0.008493 seconds 
========================================================================
Received Import Request.
  Time since last request: 0.000017 seconds.
  path: Assets/StatusBar/Portrait/Glass/Glass/BreakWithBorder/Break(WithBorder)1.png
  artifactKey: Guid(8afd9c72b9df15b40899302b3b453604) Importer(815301076,1909f56bfc062723c751e8b465ee728b)
Start importing Assets/StatusBar/Portrait/Glass/Glass/BreakWithBorder/Break(WithBorder)1.png using Guid(8afd9c72b9df15b40899302b3b453604) Importer(815301076,1909f56bfc062723c751e8b465ee728b)  -> (artifact id: '5688a998b22e6d1f5d3296dd0d05f78b') in 0.019051 seconds 
========================================================================
Received Import Request.
  Time since last request: 0.000055 seconds.
  path: Assets/StatusBar/Portrait/Glass/Glass/BreakWithBorder/Break(WithBorder)7.png
  artifactKey: Guid(0598249010289fa40b4c8ee6c2c5791d) Importer(815301076,1909f56bfc062723c751e8b465ee728b)
Start importing Assets/StatusBar/Portrait/Glass/Glass/BreakWithBorder/Break(WithBorder)7.png using Guid(0598249010289fa40b4c8ee6c2c5791d) Importer(815301076,1909f56bfc062723c751e8b465ee728b)  -> (artifact id: '151590a934717963f0b66d82b461c15f') in 0.018066 seconds 
========================================================================
Received Import Request.
  Time since last request: 0.000029 seconds.
  path: Assets/StatusBar/Portrait/Glass/Glass/BreakWithBorder/Break(WithBorder)6.png
  artifactKey: Guid(10f5002065ba7e041a1fc611138366cc) Importer(815301076,1909f56bfc062723c751e8b465ee728b)
Start importing Assets/StatusBar/Portrait/Glass/Glass/BreakWithBorder/Break(WithBorder)6.png using Guid(10f5002065ba7e041a1fc611138366cc) Importer(815301076,1909f56bfc062723c751e8b465ee728b)  -> (artifact id: 'd9c1fc449bec1101ff5512090b8638ea') in 0.018560 seconds 
========================================================================
Received Import Request.
  Time since last request: 0.000036 seconds.
  path: Assets/StatusBar/Portrait/Glass/Glass/BreakWithBorder/Break(WithBorder)10.png
  artifactKey: Guid(d1a92ba5edc05fe4291f8115e44af9d2) Importer(815301076,1909f56bfc062723c751e8b465ee728b)
Start importing Assets/StatusBar/Portrait/Glass/Glass/BreakWithBorder/Break(WithBorder)10.png using Guid(d1a92ba5edc05fe4291f8115e44af9d2) Importer(815301076,1909f56bfc062723c751e8b465ee728b)  -> (artifact id: 'c074a84fd42e9905f8fd4b83195b29d9') in 0.017177 seconds 
========================================================================
Received Import Request.
  Time since last request: 0.000022 seconds.
  path: Assets/StatusBar/Portrait/Glass/Glass/BreakWithBorder/Break(WithBorder)8.png
  artifactKey: Guid(bb8d581127d26e844983e2c67a2a5de2) Importer(815301076,1909f56bfc062723c751e8b465ee728b)
Start importing Assets/StatusBar/Portrait/Glass/Glass/BreakWithBorder/Break(WithBorder)8.png using Guid(bb8d581127d26e844983e2c67a2a5de2) Importer(815301076,1909f56bfc062723c751e8b465ee728b)  -> (artifact id: '169ec7ffea0ee9d9c3faf43212465e66') in 0.015418 seconds 
========================================================================
Received Import Request.
  Time since last request: 0.000025 seconds.
  path: Assets/StatusBar/Portrait/Glass/Glass/BreakWithBorder/Break(WithBorder)4.png
  artifactKey: Guid(205c4020a5e2d8e4d817a69d16de1952) Importer(815301076,1909f56bfc062723c751e8b465ee728b)
Start importing Assets/StatusBar/Portrait/Glass/Glass/BreakWithBorder/Break(WithBorder)4.png using Guid(205c4020a5e2d8e4d817a69d16de1952) Importer(815301076,1909f56bfc062723c751e8b465ee728b)  -> (artifact id: 'e95ce71a597e8508825e8b1fb3a7bf5f') in 0.016102 seconds 
========================================================================
Received Import Request.
  Time since last request: 29.463245 seconds.
  path: Assets/StatusBar/Portrait/Glass/Glass/Break
  artifactKey: Guid(4f00cf533b23a4548b46778719053d73) Importer(815301076,1909f56bfc062723c751e8b465ee728b)
Start importing Assets/StatusBar/Portrait/Glass/Glass/Break using Guid(4f00cf533b23a4548b46778719053d73) Importer(815301076,1909f56bfc062723c751e8b465ee728b)  -> (artifact id: '6639ec61f1f986df334d51d96bcbc63c') in 0.009215 seconds 
========================================================================
Received Import Request.
  Time since last request: 0.010512 seconds.
  path: Assets/StatusBar/Portrait/Glass/Glass/Break/GlassBreak1.png
  artifactKey: Guid(0b2098bc39933d6429f1e891041dad1c) Importer(815301076,1909f56bfc062723c751e8b465ee728b)
Start importing Assets/StatusBar/Portrait/Glass/Glass/Break/GlassBreak1.png using Guid(0b2098bc39933d6429f1e891041dad1c) Importer(815301076,1909f56bfc062723c751e8b465ee728b)  -> (artifact id: '91bba1ea0141ff19e2836a13f610be29') in 0.015172 seconds 
========================================================================
Received Import Request.
  Time since last request: 0.000024 seconds.
  path: Assets/StatusBar/Portrait/Glass/Glass/Break/GlassBreak4.png
  artifactKey: Guid(8d77aeca868fa2546961375c71a2b7ae) Importer(815301076,1909f56bfc062723c751e8b465ee728b)
Start importing Assets/StatusBar/Portrait/Glass/Glass/Break/GlassBreak4.png using Guid(8d77aeca868fa2546961375c71a2b7ae) Importer(815301076,1909f56bfc062723c751e8b465ee728b)  -> (artifact id: 'f2c498250d673bf681b03a595e1e4b7e') in 0.014891 seconds 
========================================================================
Received Import Request.
  Time since last request: 0.000025 seconds.
  path: Assets/StatusBar/Portrait/Glass/Glass/Break/GlassBreak8.png
  artifactKey: Guid(070754c3f7e83ee4991f680c48161f1c) Importer(815301076,1909f56bfc062723c751e8b465ee728b)
Start importing Assets/StatusBar/Portrait/Glass/Glass/Break/GlassBreak8.png using Guid(070754c3f7e83ee4991f680c48161f1c) Importer(815301076,1909f56bfc062723c751e8b465ee728b)  -> (artifact id: 'd058696fd04c023ee792d243f680fe17') in 0.017810 seconds 
Editor requested this worker to shutdown with reason: Scaling down because of idle timeout
AssetImportWorker is now disconnected from the server
Process exiting
Exiting without the bug reporter. Application will terminate with return code 0