Using pre-set license
Built from '2021.3/release' branch; Version is '2021.3.27f1 (ca3ffb99bcc6) revision 13254651'; Using compiler version '192829333'; Build Type 'Release'
OS: 'Windows 10  (10.0.19044) 64bit Professional' Language: 'ru' Physical Memory: 7561 MB
BatchMode: 1, IsHumanControllingUs: 0, StartBugReporterOnCrash: 0, Is64bit: 1, IsPro: 1

COMMAND LINE ARGUMENTS:
C:\Program Files\Unity\Hub\Editor\2021.3.27f1\Editor\Unity.exe
-adb2
-batchMode
-noUpm
-name
AssetImportWorker11
-projectPath
C:/Users/—Ä–æ–º–∫–∞/Hero's Path
-logFile
Logs/AssetImportWorker11.log
-srvPort
64802
Successfully changed project path to: C:/Users/—Ä–æ–º–∫–∞/Hero's Path
C:/Users/—Ä–æ–º–∫–∞/Hero's Path
[UnityMemory] Configuration Parameters - Can be set up in boot.config
    "memorysetup-bucket-allocator-granularity=16"
    "memorysetup-bucket-allocator-bucket-count=8"
    "memorysetup-bucket-allocator-block-size=33554432"
    "memorysetup-bucket-allocator-block-count=8"
    "memorysetup-main-allocator-block-size=16777216"
    "memorysetup-thread-allocator-block-size=16777216"
    "memorysetup-gfx-main-allocator-block-size=16777216"
    "memorysetup-gfx-thread-allocator-block-size=16777216"
    "memorysetup-cache-allocator-block-size=4194304"
    "memorysetup-typetree-allocator-block-size=2097152"
    "memorysetup-profiler-bucket-allocator-granularity=16"
    "memorysetup-profiler-bucket-allocator-bucket-count=8"
    "memorysetup-profiler-bucket-allocator-block-size=33554432"
    "memorysetup-profiler-bucket-allocator-block-count=8"
    "memorysetup-profiler-allocator-block-size=16777216"
    "memorysetup-profiler-editor-allocator-block-size=1048576"
    "memorysetup-temp-allocator-size-main=16777216"
    "memorysetup-job-temp-allocator-block-size=2097152"
    "memorysetup-job-temp-allocator-block-size-background=1048576"
    "memorysetup-job-temp-allocator-reduction-small-platforms=262144"
    "memorysetup-temp-allocator-size-background-worker=32768"
    "memorysetup-temp-allocator-size-job-worker=262144"
    "memorysetup-temp-allocator-size-preload-manager=33554432"
    "memorysetup-temp-allocator-size-nav-mesh-worker=65536"
    "memorysetup-temp-allocator-size-audio-worker=65536"
    "memorysetup-temp-allocator-size-cloud-worker=32768"
    "memorysetup-temp-allocator-size-gi-baking-worker=262144"
    "memorysetup-temp-allocator-size-gfx=262144"
Player connection [8132] Host "[IP] 26.240.38.124 [Port] 0 [Flags] 2 [Guid] 801008368 [EditorId] 801008368 [Version] 1048832 [Id] WindowsEditor(7,noyt) [Debug] 1 [PackageName] WindowsEditor [ProjectName] Editor" joined multi-casting on [225.0.0.222:54997]...

Player connection [8132] Host "[IP] 26.240.38.124 [Port] 0 [Flags] 2 [Guid] 801008368 [EditorId] 801008368 [Version] 1048832 [Id] WindowsEditor(7,noyt) [Debug] 1 [PackageName] WindowsEditor [ProjectName] Editor" joined alternative multi-casting on [225.0.0.222:34997]...

Refreshing native plugins compatible for Editor in 71.58 ms, found 4 plugins.
Preloading 0 native plugins for Editor in 0.00 ms.
Initialize engine version: 2021.3.27f1 (ca3ffb99bcc6)
[Subsystems] Discovering subsystems at path C:/Program Files/Unity/Hub/Editor/2021.3.27f1/Editor/Data/Resources/UnitySubsystems
[Subsystems] Discovering subsystems at path C:/Users/—Ä–æ–º–∫–∞/Hero's Path/Assets
GfxDevice: creating device client; threaded=0; jobified=0
Direct3D:
    Version:  Direct3D 11.0 [level 11.1]
    Renderer: AMD Radeon (TM) Graphics (ID=0x15e7)
    Vendor:   ATI
    VRAM:     3780 MB
    Driver:   30.0.14042.0
Initialize mono
Mono path[0] = 'C:/Program Files/Unity/Hub/Editor/2021.3.27f1/Editor/Data/Managed'
Mono path[1] = 'C:/Program Files/Unity/Hub/Editor/2021.3.27f1/Editor/Data/MonoBleedingEdge/lib/mono/unityjit-win32'
Mono config path = 'C:/Program Files/Unity/Hub/Editor/2021.3.27f1/Editor/Data/MonoBleedingEdge/etc'
Using monoOptions --debugger-agent=transport=dt_socket,embedding=1,server=y,suspend=n,address=127.0.0.1:56020
Begin MonoManager ReloadAssembly
Registering precompiled unity dll's ...
Register platform support module: C:/Program Files/Unity/Hub/Editor/2021.3.27f1/Editor/Data/PlaybackEngines/WindowsStandaloneSupport/UnityEditor.WindowsStandalone.Extensions.dll
Registered in 0.005244 seconds.
Native extension for WindowsStandalone target not found
Refreshing native plugins compatible for Editor in 67.05 ms, found 4 plugins.
Preloading 0 native plugins for Editor in 0.00 ms.
Mono: successfully reloaded assembly
- Completed reload, in  0.492 seconds
Domain Reload Profiling:
	ReloadAssembly (493ms)
		BeginReloadAssembly (67ms)
			ExecutionOrderSort (0ms)
			DisableScriptedObjects (0ms)
			BackupInstance (0ms)
			ReleaseScriptingObjects (0ms)
			CreateAndSetChildDomain (1ms)
		EndReloadAssembly (348ms)
			LoadAssemblies (66ms)
			RebuildTransferFunctionScriptingTraits (0ms)
			SetupTypeCache (79ms)
			ReleaseScriptCaches (0ms)
			RebuildScriptCaches (21ms)
			SetupLoadedEditorAssemblies (208ms)
				LogAssemblyErrors (0ms)
				InitializePlatformSupportModulesInManaged (6ms)
				SetLoadedEditorAssemblies (0ms)
				RefreshPlugins (67ms)
				BeforeProcessingInitializeOnLoad (1ms)
				ProcessInitializeOnLoadAttributes (95ms)
				ProcessInitializeOnLoadMethodAttributes (37ms)
				AfterProcessingInitializeOnLoad (0ms)
				EditorAssembliesLoaded (0ms)
			ExecutionOrderSort2 (0ms)
			AwakeInstancesAfterBackupRestoration (0ms)
Platform modules already initialized, skipping
Registering precompiled user dll's ...
Registered in 0.005400 seconds.
Begin MonoManager ReloadAssembly
* Assertion at C:\build\output\Unity-Technologies\mono\mono\metadata\appdomain.c:3521, condition `is_ok (error)' not met, function:mono_domain_try_unload, Couldn't create thread. Error 0x5af assembly:<unknown assembly> type:<unknown type> member:(null)

Crash!!!
  ERROR: Error while initializing dbghelp.dll, GetLastError: '–û–ø–µ—Ä–∞—Ü–∏—è —É—Å–ø–µ—à–Ω–æ –∑–∞–≤–µ—Ä—à–µ–Ω–∞.' (Address: 0000000000000000)

========== OUTPUTTING STACK TRACE ==================

SymInit: Symbol-SearchPath: 'C:/Program Files/Unity/Hub/Editor/2021.3.27f1/Editor/Data/Mono;.;C:\Users\ÓÏÍ‡\Hero's Path;C:\Users\ÓÏÍ‡\Hero's Path\Library\BurstCache\JIT;C:\Program Files\Unity\Hub\Editor\2021.3.27f1\Editor;C:\Windows;C:\Windows\system32;', symOptions: 534, UserName: 'ÓÏÍ‡'
OS-Version: 10.0.0
C:\Program Files\Unity\Hub\Editor\2021.3.27f1\Editor\Unity.exe:Unity.exe (00007FF660710000), size: 74153984 (result: 0), SymType: '-deferred-', PDB: '', fileVersion: 2021.3.27.16379
C:\Windows\SYSTEM32\ntdll.dll:ntdll.dll (00007FFAADAB0000), size: 2064384 (result: 0), SymType: '-deferred-', PDB: '', fileVersion: 10.0.19041.2788
C:\Windows\System32\KERNEL32.DLL:KERNEL32.DLL (00007FFAABDB0000), size: 782336 (result: 0), SymType: '-deferred-', PDB: '', fileVersion: 10.0.19041.2913
C:\Windows\System32\KERNELBASE.dll:KERNELBASE.dll (00007FFAAB810000), size: 3104768 (result: 0), SymType: '-deferred-', PDB: '', fileVersion: 10.0.19041.2913
C:\Windows\SYSTEM32\apphelp.dll:apphelp.dll (00007FFAA8AA0000), size: 593920 (result: 0), SymType: '-deferred-', PDB: '', fileVersion: 10.0.19041.2913
C:\Windows\System32\CRYPT32.dll:CRYPT32.dll (00007FFAAB6B0000), size: 1433600 (result: 0), SymType: '-deferred-', PDB: '', fileVersion: 10.0.19041.2965
C:\Windows\System32\ucrtbase.dll:ucrtbase.dll (00007FFAAB5B0000), size: 1048576 (result: 0), SymType: '-deferred-', PDB: '', fileVersion: 10.0.19041.789
C:\Windows\System32\USER32.dll:USER32.dll (00007FFAAC1D0000), size: 1691648 (result: 0), SymType: '-deferred-', PDB: '', fileVersion: 10.0.19041.2788
C:\Windows\System32\win32u.dll:win32u.dll (00007FFAAB190000), size: 139264 (result: 0), SymType: '-deferred-', PDB: '', fileVersion: 10.0.19041.2913
C:\Program Files\Unity\Hub\Editor\2021.3.27f1\Editor\libfbxsdk.dll:libfbxsdk.dll (00007FFA5D990000), size: 10067968 (result: 0), SymType: '-deferred-', PDB: '', fileVersion: 2020.3.3.0
C:\Program Files\Unity\Hub\Editor\2021.3.27f1\Editor\optix.6.0.0.dll:optix.6.0.0.dll (00007FFA9B700000), size: 208896 (result: 0), SymType: '-deferred-', PDB: '', fileVersion: 6.0.0.0
C:\Windows\System32\GDI32.dll:GDI32.dll (00007FFAABB80000), size: 180224 (result: 0), SymType: '-deferred-', PDB: '', fileVersion: 10.0.19041.2913
C:\Program Files\Unity\Hub\Editor\2021.3.27f1\Editor\s3tcompress.dll:s3tcompress.dll (00007FFA9F9A0000), size: 180224 (result: 0), SymType: '-deferred-', PDB: ''
C:\Windows\System32\gdi32full.dll:gdi32full.dll (00007FFAAB360000), size: 1134592 (result: 0), SymType: '-deferred-', PDB: '', fileVersion: 10.0.19041.2913
C:\Program Files\Unity\Hub\Editor\2021.3.27f1\Editor\etccompress.dll:etccompress.dll (00007FFA5D4B0000), size: 5066752 (result: 0), SymType: '-deferred-', PDB: ''
C:\Windows\System32\msvcp_win.dll:msvcp_win.dll (00007FFAAB250000), size: 643072 (result: 0), SymType: '-deferred-', PDB: '', fileVersion: 10.0.19041.789
C:\Program Files\Unity\Hub\Editor\2021.3.27f1\Editor\ispc_texcomp.dll:ispc_texcomp.dll (00007FFA83860000), size: 1740800 (result: 0), SymType: '-deferred-', PDB: ''
C:\Windows\System32\ADVAPI32.dll:ADVAPI32.dll (00007FFAAD810000), size: 716800 (result: 0), SymType: '-deferred-', PDB: '', fileVersion: 10.0.19041.2913
C:\Windows\System32\msvcrt.dll:msvcrt.dll (00007FFAABE70000), size: 647168 (result: 0), SymType: '-deferred-', PDB: '', fileVersion: 7.0.19041.546
C:\Program Files\Unity\Hub\Editor\2021.3.27f1\Editor\compress_bc7e.dll:compress_bc7e.dll (00007FFA7D3D0000), size: 1441792 (result: 0), SymType: '-deferred-', PDB: ''
C:\Program Files\Unity\Hub\Editor\2021.3.27f1\Editor\FreeImage.dll:FreeImage.dll (0000000180000000), size: 6582272 (result: 0), SymType: '-deferred-', PDB: '', fileVersion: 3.18.0.0
C:\Program Files\Unity\Hub\Editor\2021.3.27f1\Editor\OpenImageDenoise.dll:OpenImageDenoise.dll (00007FFA48930000), size: 48848896 (result: 0), SymType: '-deferred-', PDB: '', fileVersion: 1.4.2.0
C:\Windows\System32\sechost.dll:sechost.dll (00007FFAAD920000), size: 638976 (result: 0), SymType: '-deferred-', PDB: '', fileVersion: 10.0.19041.2913
C:\Program Files\Unity\Hub\Editor\2021.3.27f1\Editor\WinPixEventRuntime.dll:WinPixEventRuntime.dll (00007FFAA5100000), size: 45056 (result: 0), SymType: '-deferred-', PDB: '', fileVersion: 1.0.1812.6001
C:\Windows\System32\RPCRT4.dll:RPCRT4.dll (00007FFAACEC0000), size: 1204224 (result: 0), SymType: '-deferred-', PDB: '', fileVersion: 10.0.19041.2965
C:\Windows\System32\WS2_32.dll:WS2_32.dll (00007FFAAC830000), size: 438272 (result: 0), SymType: '-deferred-', PDB: '', fileVersion: 10.0.19041.546
C:\Windows\System32\SHELL32.dll:SHELL32.dll (00007FFAAD0A0000), size: 7618560 (result: 0), SymType: '-deferred-', PDB: '', fileVersion: 10.0.19041.2788
C:\Program Files\Unity\Hub\Editor\2021.3.27f1\Editor\umbraoptimizer64.dll:umbraoptimizer64.dll (00007FFA7D6E0000), size: 1187840 (result: 0), SymType: '-deferred-', PDB: ''
C:\Windows\System32\SHLWAPI.dll:SHLWAPI.dll (00007FFAABB20000), size: 348160 (result: 0), SymType: '-deferred-', PDB: '', fileVersion: 10.0.19041.2075
C:\Windows\System32\ole32.dll:ole32.dll (00007FFAACD90000), size: 1220608 (result: 0), SymType: '-deferred-', PDB: '', fileVersion: 10.0.19041.2965
C:\Windows\System32\combase.dll:combase.dll (00007FFAAC370000), size: 3489792 (result: 0), SymType: '-deferred-', PDB: '', fileVersion: 10.0.19041.2788
C:\Program Files\Unity\Hub\Editor\2021.3.27f1\Editor\tbb12.dll:tbb12.dll (00007FFA99F30000), size: 434176 (result: 0), SymType: '-deferred-', PDB: ''
C:\Windows\SYSTEM32\MSVCP140.dll:MSVCP140.dll (00007FFA7B670000), size: 581632 (result: 0), SymType: '-deferred-', PDB: '', fileVersion: 14.36.32532.0
C:\Windows\SYSTEM32\VCRUNTIME140.dll:VCRUNTIME140.dll (00007FFA89960000), size: 110592 (result: 0), SymType: '-deferred-', PDB: '', fileVersion: 14.36.32532.0
C:\Windows\System32\IMM32.dll:IMM32.dll (00007FFAABFF0000), size: 196608 (result: 0), SymType: '-deferred-', PDB: '', fileVersion: 10.0.19041.2673
C:\Windows\System32\SETUPAPI.dll:SETUPAPI.dll (00007FFAAC8A0000), size: 4620288 (result: 0), SymType: '-deferred-', PDB: '', fileVersion: 10.0.19041.2193
C:\Windows\System32\cfgmgr32.dll:cfgmgr32.dll (00007FFAAB480000), size: 319488 (result: 0), SymType: '-deferred-', PDB: '', fileVersion: 10.0.19041.1620
C:\Windows\System32\bcrypt.dll:bcrypt.dll (00007FFAAB580000), size: 159744 (result: 0), SymType: '-deferred-', PDB: '', fileVersion: 10.0.19041.2486
C:\Windows\System32\OLEAUT32.dll:OLEAUT32.dll (00007FFAAC6D0000), size: 839680 (result: 0), SymType: '-deferred-', PDB: '', fileVersion: 10.0.19041.985
C:\Windows\SYSTEM32\OPENGL32.dll:OPENGL32.dll (00007FFA785F0000), size: 1200128 (result: 0), SymType: '-deferred-', PDB: '', fileVersion: 10.0.19041.2193
C:\Windows\System32\WINTRUST.dll:WINTRUST.dll (00007FFAAB2F0000), size: 421888 (result: 0), SymType: '-deferred-', PDB: '', fileVersion: 10.0.19041.2913
C:\Windows\SYSTEM32\VCRUNTIME140_1.dll:VCRUNTIME140_1.dll (00007FFA8B2E0000), size: 49152 (result: 0), SymType: '-deferred-', PDB: '', fileVersion: 14.36.32532.0
C:\Windows\SYSTEM32\GLU32.dll:GLU32.dll (00007FFA9C0F0000), size: 180224 (result: 0), SymType: '-deferred-', PDB: '', fileVersion: 10.0.19041.2193
C:\Program Files\Unity\Hub\Editor\2021.3.27f1\Editor\tbbmalloc.dll:tbbmalloc.dll (00007FFA9A0C0000), size: 282624 (result: 0), SymType: '-deferred-', PDB: ''
C:\Windows\SYSTEM32\IPHLPAPI.DLL:IPHLPAPI.DLL (00007FFAAA5F0000), size: 245760 (result: 0), SymType: '-deferred-', PDB: '', fileVersion: 10.0.19041.2788
C:\Windows\SYSTEM32\WINHTTP.dll:WINHTTP.dll (00007FFAA6140000), size: 1089536 (result: 0), SymType: '-deferred-', PDB: '', fileVersion: 10.0.19041.2673
C:\Windows\SYSTEM32\WINMM.dll:WINMM.dll (00007FFA9CC80000), size: 159744 (result: 0), SymType: '-deferred-', PDB: '', fileVersion: 10.0.19041.546
C:\Windows\SYSTEM32\HID.DLL:HID.DLL (00007FFAA99F0000), size: 53248 (result: 0), SymType: '-deferred-', PDB: '', fileVersion: 10.0.19041.546
C:\Program Files\Unity\Hub\Editor\2021.3.27f1\Editor\RadeonImageFilters.dll:RadeonImageFilters.dll (00007FFA65CD0000), size: 2961408 (result: 0), SymType: '-deferred-', PDB: '', fileVersion: 1.7.0.0
C:\Windows\SYSTEM32\dwmapi.dll:dwmapi.dll (00007FFAA8D40000), size: 192512 (result: 0), SymType: '-deferred-', PDB: '', fileVersion: 10.0.19041.746
C:\Program Files\Unity\Hub\Editor\2021.3.27f1\Editor\SketchUpAPI.dll:SketchUpAPI.dll (00007FFA5CC10000), size: 8990720 (result: 0), SymType: '-deferred-', PDB: '', fileVersion: 23.0.0.0
C:\Windows\SYSTEM32\VERSION.dll:VERSION.dll (00007FFA9E1D0000), size: 40960 (result: 0), SymType: '-deferred-', PDB: '', fileVersion: 10.0.19041.546
C:\Windows\SYSTEM32\WSOCK32.dll:WSOCK32.dll (00007FFA97340000), size: 36864 (result: 0), SymType: '-deferred-', PDB: '', fileVersion: 10.0.19041.1
C:\Program Files\Unity\Hub\Editor\2021.3.27f1\Editor\SketchUpCommonPreferences.dll:SketchUpCommonPreferences.dll (00007FFA92DE0000), size: 499712 (result: 0), SymType: '-deferred-', PDB: '', fileVersion: 23.0.0.0
C:\Program Files\Unity\Hub\Editor\2021.3.27f1\Editor\RadeonML.dll:RadeonML.dll (00007FFA9B6A0000), size: 94208 (result: 0), SymType: '-deferred-', PDB: '', fileVersion: 0.9.11.0
C:\Windows\SYSTEM32\Secur32.dll:Secur32.dll (00007FFA9E1E0000), size: 49152 (result: 0), SymType: '-deferred-', PDB: '', fileVersion: 10.0.19041.546
C:\Windows\SYSTEM32\SSPICLI.DLL:SSPICLI.DLL (00007FFAAB080000), size: 204800 (result: 0), SymType: '-deferred-', PDB: '', fileVersion: 10.0.19041.2130
C:\Program Files\Unity\Hub\Editor\2021.3.27f1\Editor\OpenRL.dll:OpenRL.dll (000001776C1A0000), size: 12779520 (result: 0), SymType: '-deferred-', PDB: '', fileVersion: 1.5.0.2907
C:\Windows\SYSTEM32\MSVCP100.dll:MSVCP100.dll (0000000052E60000), size: 622592 (result: 0), SymType: '-deferred-', PDB: '', fileVersion: 10.0.40219.325
C:\Windows\SYSTEM32\MSVCR100.dll:MSVCR100.dll (0000000052F00000), size: 860160 (result: 0), SymType: '-deferred-', PDB: '', fileVersion: 10.0.40219.325
C:\Program Files\Unity\Hub\Editor\2021.3.27f1\Editor\embree.dll:embree.dll (00007FFA5B470000), size: 16711680 (result: 0), SymType: '-deferred-', PDB: '', fileVersion: 2.14.0.0
C:\Windows\SYSTEM32\MSWSOCK.DLL:MSWSOCK.DLL (00007FFAAA950000), size: 434176 (result: 0), SymType: '-deferred-', PDB: '', fileVersion: 10.0.19041.546
C:\Program Files\Unity\Hub\Editor\2021.3.27f1\Editor\tbb.dll:tbb.dll (00007FFA99CD0000), size: 413696 (result: 0), SymType: '-deferred-', PDB: '', fileVersion: 2017.0.2016.1004
C:\Windows\SYSTEM32\MSVCP120.dll:MSVCP120.dll (00007FFA92CB0000), size: 679936 (result: 0), SymType: '-deferred-', PDB: '', fileVersion: 12.0.21005.1
C:\Windows\SYSTEM32\MSVCR120.dll:MSVCR120.dll (00007FFA6B140000), size: 978944 (result: 0), SymType: '-deferred-', PDB: '', fileVersion: 12.0.21005.1
C:\Program Files\Unity\Hub\Editor\2021.3.27f1\Editor\OpenRL_pthread.dll:OpenRL_pthread.dll (000001776CDF0000), size: 61440 (result: 0), SymType: '-deferred-', PDB: '', fileVersion: 2.9.0.0
C:\Windows\SYSTEM32\MSASN1.dll:MSASN1.dll (00007FFAAAD80000), size: 73728 (result: 0), SymType: '-deferred-', PDB: '', fileVersion: 10.0.19041.2251
C:\Windows\SYSTEM32\kernel.appcore.dll:kernel.appcore.dll (00007FFAA9030000), size: 73728 (result: 0), SymType: '-deferred-', PDB: '', fileVersion: 10.0.19041.546
C:\Windows\System32\bcryptPrimitives.dll:bcryptPrimitives.dll (00007FFAAB1C0000), size: 532480 (result: 0), SymType: '-deferred-', PDB: '', fileVersion: 10.0.19041.2486
C:\Windows\system32\uxtheme.dll:uxtheme.dll (00007FFAA8B60000), size: 647168 (result: 0), SymType: '-deferred-', PDB: '', fileVersion: 10.0.19041.2193
C:\Windows\System32\shcore.dll:shcore.dll (00007FFAACFF0000), size: 708608 (result: 0), SymType: '-deferred-', PDB: '', fileVersion: 10.0.19041.1865
C:\Windows\SYSTEM32\windows.storage.dll:windows.storage.dll (00007FFAA9250000), size: 7942144 (result: 0), SymType: '-deferred-', PDB: '', fileVersion: 10.0.19041.2788
C:\Windows\SYSTEM32\Wldp.dll:Wldp.dll (00007FFAAABF0000), size: 188416 (result: 0), SymType: '-deferred-', PDB: '', fileVersion: 10.0.19041.2788
C:\Windows\SYSTEM32\profapi.dll:profapi.dll (00007FFAAB0D0000), size: 126976 (result: 0), SymType: '-deferred-', PDB: '', fileVersion: 10.0.19041.844
C:\Windows\system32\IconCodecService.dll:IconCodecService.dll (00007FFAA48C0000), size: 36864 (result: 0), SymType: '-deferred-', PDB: '', fileVersion: 10.0.19041.1
C:\Windows\SYSTEM32\WindowsCodecs.dll:WindowsCodecs.dll (00007FFA97160000), size: 1785856 (result: 0), SymType: '-deferred-', PDB: '', fileVersion: 10.0.19041.1706
C:\Windows\System32\clbcatq.dll:clbcatq.dll (00007FFAAD9C0000), size: 692224 (result: 0), SymType: '-deferred-', PDB: '', fileVersion: 2001.12.10941.16384
C:\Windows\System32\netprofm.dll:netprofm.dll (00007FFAA60A0000), size: 258048 (result: 0), SymType: '-deferred-', PDB: '', fileVersion: 10.0.19041.2913
C:\Windows\System32\NSI.dll:NSI.dll (00007FFAABB10000), size: 32768 (result: 0), SymType: '-deferred-', PDB: '', fileVersion: 10.0.19041.610
C:\Windows\System32\npmproxy.dll:npmproxy.dll (00007FFAA2650000), size: 65536 (result: 0), SymType: '-deferred-', PDB: '', fileVersion: 10.0.19041.2913
C:\Windows\SYSTEM32\dhcpcsvc6.DLL:dhcpcsvc6.DLL (00007FFAA5150000), size: 94208 (result: 0), SymType: '-deferred-', PDB: '', fileVersion: 10.0.19041.2673
C:\Windows\SYSTEM32\dhcpcsvc.DLL:dhcpcsvc.DLL (00007FFAA50D0000), size: 118784 (result: 0), SymType: '-deferred-', PDB: '', fileVersion: 10.0.19041.2673
C:\Windows\SYSTEM32\DNSAPI.dll:DNSAPI.dll (00007FFAAA630000), size: 831488 (result: 0), SymType: '-deferred-', PDB: '', fileVersion: 10.0.19041.2546
C:\Windows\system32\napinsp.dll:napinsp.dll (00007FFA89B20000), size: 94208 (result: 0), SymType: '-deferred-', PDB: '', fileVersion: 10.0.19041.546
C:\Windows\system32\pnrpnsp.dll:pnrpnsp.dll (00007FFA89B00000), size: 110592 (result: 0), SymType: '-deferred-', PDB: '', fileVersion: 10.0.19041.546
C:\Windows\system32\wshbth.dll:wshbth.dll (00007FFAA6400000), size: 86016 (result: 0), SymType: '-deferred-', PDB: '', fileVersion: 10.0.19041.546
C:\Windows\system32\NLAapi.dll:NLAapi.dll (00007FFAA6100000), size: 118784 (result: 0), SymType: '-deferred-', PDB: '', fileVersion: 10.0.19041.2913
C:\Windows\System32\winrnr.dll:winrnr.dll (00007FFA89AE0000), size: 73728 (result: 0), SymType: '-deferred-', PDB: '', fileVersion: 10.0.19041.546
C:\Windows\System32\fwpuclnt.dll:fwpuclnt.dll (00007FFAA3200000), size: 532480 (result: 0), SymType: '-deferred-', PDB: '', fileVersion: 10.0.19041.2913
C:\Windows\System32\rasadhlp.dll:rasadhlp.dll (00007FFAA4A00000), size: 40960 (result: 0), SymType: '-deferred-', PDB: '', fileVersion: 10.0.19041.546
C:\Program Files\Unity\Hub\Editor\2021.3.27f1\Editor\NVUnityPlugin.DLL:NVUnityPlugin.DLL (00007FFA65490000), size: 1536000 (result: 0), SymType: '-deferred-', PDB: ''
C:\Program Files\Unity\Hub\Editor\2021.3.27f1\Editor\Data\Tools\astcenc-avx2.dll:astcenc-avx2.dll (00007FFA6BB00000), size: 561152 (result: 0), SymType: '-deferred-', PDB: ''
C:\Windows\SYSTEM32\d3d11.dll:d3d11.dll (00007FFAA71B0000), size: 2502656 (result: 0), SymType: '-deferred-', PDB: '', fileVersion: 10.0.19041.2913
C:\Windows\SYSTEM32\dxgi.dll:dxgi.dll (00007FFAA9A50000), size: 995328 (result: 0), SymType: '-deferred-', PDB: '', fileVersion: 10.0.19041.2311
C:\Windows\System32\DriverStore\FileRepository\u0379821.inf_amd64_8eabf0fa5db74690\B377574\aticfx64.dll:aticfx64.dll (00007FFA95780000), size: 1810432 (result: 0), SymType: '-deferred-', PDB: '', fileVersion: 30.0.14042.0
C:\Windows\System32\DriverStore\FileRepository\u0379821.inf_amd64_8eabf0fa5db74690\B377574\atiuxp64.dll:atiuxp64.dll (00007FFA95740000), size: 233472 (result: 0), SymType: '-deferred-', PDB: '', fileVersion: 30.0.14042.0
C:\Windows\System32\DriverStore\FileRepository\u0379821.inf_amd64_8eabf0fa5db74690\B377574\atidxx64.dll:atidxx64.dll (00007FFA937F0000), size: 32776192 (result: 0), SymType: '-deferred-', PDB: '', fileVersion: 30.0.14042.0
C:\Windows\SYSTEM32\amdihk64.dll:amdihk64.dll (00007FFA937C0000), size: 196608 (result: 0), SymType: '-deferred-', PDB: '', fileVersion: 2.0.0.1788
C:\Windows\SYSTEM32\dxcore.dll:dxcore.dll (00007FFA95D50000), size: 241664 (result: 8), SymType: '-unknown-', PDB: '', fileVersion: 10.0.19041.546
C:\Windows\system32\wbem\wbemprox.dll:wbemprox.dll (00007FFA97A70000), size: 69632 (result: 8), SymType: '-unknown-', PDB: '', fileVersion: 10.0.19041.1320
C:\Windows\SYSTEM32\wbemcomn.dll:wbemcomn.dll (00007FFA9DF60000), size: 589824 (result: 8), SymType: '-unknown-', PDB: '', fileVersion: 10.0.19041.1566
C:\Windows\system32\wbem\wbemsvc.dll:wbemsvc.dll (00007FFA9A320000), size: 81920 (result: 8), SymType: '-unknown-', PDB: '', fileVersion: 10.0.19041.1320
C:\Windows\system32\wbem\fastprox.dll:fastprox.dll (00007FFA98B30000), size: 1093632 (result: 8), SymType: '-unknown-', PDB: '', fileVersion: 10.0.19041.546
C:\Windows\SYSTEM32\amsi.dll:amsi.dll (00007FFA97F20000), size: 126976 (result: 8), SymType: '-unknown-', PDB: '', fileVersion: 10.0.19041.2075
C:\Windows\SYSTEM32\USERENV.dll:USERENV.dll (00007FFAAB050000), size: 188416 (result: 8), SymType: '-unknown-', PDB: '', fileVersion: 10.0.19041.572
C:\ProgramData\Microsoft\Windows Defender\Platform\4.18.23050.5-0\MpOav.dll:MpOav.dll (00007FFA9AEA0000), size: 503808 (result: 8), SymType: '-unknown-', PDB: '', fileVersion: 4.18.23050.5
C:\Windows\SYSTEM32\opencl.dll:opencl.dll (00007FFA9B6D0000), size: 147456 (result: 8), SymType: '-unknown-', PDB: '', fileVersion: 2.2.6.0
C:\Program Files\Unity\Hub\Editor\2021.3.27f1\Editor\radeonrays.dll:radeonrays.dll (00007FFA6BA70000), size: 557056 (result: 8), SymType: '-unknown-', PDB: ''
C:\Program Files\Unity\Hub\Editor\2021.3.27f1\Editor\Data\MonoBleedingEdge\EmbedRuntime\mono-2.0-bdwgc.dll:mono-2.0-bdwgc.dll (00007FFA57D40000), size: 10682368 (result: 0), SymType: '-deferred-', PDB: ''
C:\Windows\SYSTEM32\dbghelp.dll:dbghelp.dll (00007FFAA2DF0000), size: 1982464 (result: 0), SymType: '-deferred-', PDB: '', fileVersion: 10.0.19041.867
SymInit: Symbol-SearchPath: 'C:/Program Files/Unity/Hub/Editor/2021.3.27f1/Editor/Data/Mono;.;C:\Users\ÓÏÍ‡\Hero's Path;C:\Users\ÓÏÍ‡\Hero's Path\Library\BurstCache\JIT;C:\Program Files\Unity\Hub\Editor\2021.3.27f1\Editor;C:\Windows;C:\Windows\system32;', symOptions: 534, UserName: 'ÓÏÍ‡'
OS-Version: 10.0.0
C:\Program Files\Unity\Hub\Editor\2021.3.27f1\Editor\Unity.exe:Unity.exe (00007FF660710000), size: 74153984 (result: -529697949), SymType: '-deferred-', PDB: '', fileVersion: 2021.3.27.16379
C:\Windows\SYSTEM32\ntdll.dll:ntdll.dll (00007FFAADAB0000), size: 2064384 (result: 0), SymType: '-nosymbols-', PDB: 'C:\Windows\SYSTEM32\ntdll.dll', fileVersion: 10.0.19041.2788
C:\Windows\System32\KERNEL32.DLL:KERNEL32.DLL (00007FFAABDB0000), size: 782336 (result: 0), SymType: '-exported-', PDB: 'C:\Windows\System32\KERNEL32.DLL', fileVersion: 10.0.19041.2913
C:\Windows\System32\KERNELBASE.dll:KERNELBASE.dll (00007FFAAB810000), size: 3104768 (result: 0), SymType: '-nosymbols-', PDB: 'C:\Windows\System32\KERNELBASE.dll', fileVersion: 10.0.19041.2913
C:\Windows\SYSTEM32\apphelp.dll:apphelp.dll (00007FFAA8AA0000), size: 593920 (result: 0), SymType: '-nosymbols-', PDB: 'C:\Windows\SYSTEM32\apphelp.dll', fileVersion: 10.0.19041.2913
C:\Windows\System32\CRYPT32.dll:CRYPT32.dll (00007FFAAB6B0000), size: 1433600 (result: 0), SymType: '-nosymbols-', PDB: 'C:\Windows\System32\CRYPT32.dll', fileVersion: 10.0.19041.2965
C:\Windows\System32\ucrtbase.dll:ucrtbase.dll (00007FFAAB5B0000), size: 1048576 (result: 0), SymType: '-nosymbols-', PDB: 'C:\Windows\System32\ucrtbase.dll', fileVersion: 10.0.19041.789
C:\Windows\System32\USER32.dll:USER32.dll (00007FFAAC1D0000), size: 1691648 (result: 0), SymType: '-nosymbols-', PDB: 'C:\Windows\System32\USER32.dll', fileVersion: 10.0.19041.2788
C:\Windows\System32\win32u.dll:win32u.dll (00007FFAAB190000), size: 139264 (result: 0), SymType: '-nosymbols-', PDB: 'C:\Windows\System32\win32u.dll', fileVersion: 10.0.19041.2913
C:\Program Files\Unity\Hub\Editor\2021.3.27f1\Editor\libfbxsdk.dll:libfbxsdk.dll (00007FFA5D990000), size: 10067968 (result: 0), SymType: '-nosymbols-', PDB: 'C:\Program Files\Unity\Hub\Editor\2021.3.27f1\Editor\libfbxsdk.dll', fileVersion: 2020.3.3.0
C:\Program Files\Unity\Hub\Editor\2021.3.27f1\Editor\optix.6.0.0.dll:optix.6.0.0.dll (00007FFA9B700000), size: 208896 (result: 0), SymType: '-nosymbols-', PDB: 'C:\Program Files\Unity\Hub\Editor\2021.3.27f1\Editor\optix.6.0.0.dll', fileVersion: 6.0.0.0
C:\Windows\System32\GDI32.dll:GDI32.dll (00007FFAABB80000), size: 180224 (result: 0), SymType: '-nosymbols-', PDB: 'C:\Windows\System32\GDI32.dll', fileVersion: 10.0.19041.2913
C:\Program Files\Unity\Hub\Editor\2021.3.27f1\Editor\s3tcompress.dll:s3tcompress.dll (00007FFA9F9A0000), size: 180224 (result: 0), SymType: '-nosymbols-', PDB: 'C:\Program Files\Unity\Hub\Editor\2021.3.27f1\Editor\s3tcompress.dll'
C:\Windows\System32\gdi32full.dll:gdi32full.dll (00007FFAAB360000), size: 1134592 (result: 0), SymType: '-nosymbols-', PDB: 'C:\Windows\System32\gdi32full.dll', fileVersion: 10.0.19041.2913
C:\Program Files\Unity\Hub\Editor\2021.3.27f1\Editor\etccompress.dll:etccompress.dll (00007FFA5D4B0000), size: 5066752 (result: 0), SymType: '-nosymbols-', PDB: 'C:\Program Files\Unity\Hub\Editor\2021.3.27f1\Editor\etccompress.dll'
C:\Windows\System32\msvcp_win.dll:msvcp_win.dll (00007FFAAB250000), size: 643072 (result: 0), SymType: '-nosymbols-', PDB: 'C:\Windows\System32\msvcp_win.dll', fileVersion: 10.0.19041.789
C:\Program Files\Unity\Hub\Editor\2021.3.27f1\Editor\ispc_texcomp.dll:ispc_texcomp.dll (00007FFA83860000), size: 1740800 (result: 0), SymType: '-nosymbols-', PDB: 'C:\Program Files\Unity\Hub\Editor\2021.3.27f1\Editor\ispc_texcomp.dll'
C:\Windows\System32\ADVAPI32.dll:ADVAPI32.dll (00007FFAAD810000), size: 716800 (result: 0), SymType: '-nosymbols-', PDB: 'C:\Windows\System32\ADVAPI32.dll', fileVersion: 10.0.19041.2913
C:\Windows\System32\msvcrt.dll:msvcrt.dll (00007FFAABE70000), size: 647168 (result: 0), SymType: '-nosymbols-', PDB: 'C:\Windows\System32\msvcrt.dll', fileVersion: 7.0.19041.546
C:\Program Files\Unity\Hub\Editor\2021.3.27f1\Editor\compress_bc7e.dll:compress_bc7e.dll (00007FFA7D3D0000), size: 1441792 (result: 0), SymType: '-nosymbols-', PDB: 'C:\Program Files\Unity\Hub\Editor\2021.3.27f1\Editor\compress_bc7e.dll'
C:\Program Files\Unity\Hub\Editor\2021.3.27f1\Editor\FreeImage.dll:FreeImage.dll (0000000180000000), size: 6582272 (result: 0), SymType: '-nosymbols-', PDB: 'C:\Program Files\Unity\Hub\Editor\2021.3.27f1\Editor\FreeImage.dll', fileVersion: 3.18.0.0
C:\Program Files\Unity\Hub\Editor\2021.3.27f1\Editor\OpenImageDenoise.dll:OpenImageDenoise.dll (00007FFA48930000), size: 48848896 (result: 0), SymType: '-nosymbols-', PDB: 'C:\Program Files\Unity\Hub\Editor\2021.3.27f1\Editor\OpenImageDenoise.dll', fileVersion: 1.4.2.0
C:\Windows\System32\sechost.dll:sechost.dll (00007FFAAD920000), size: 638976 (result: 0), SymType: '-nosymbols-', PDB: 'C:\Windows\System32\sechost.dll', fileVersion: 10.0.19041.2913
C:\Program Files\Unity\Hub\Editor\2021.3.27f1\Editor\WinPixEventRuntime.dll:WinPixEventRuntime.dll (00007FFAA5100000), size: 45056 (result: 0), SymType: '-nosymbols-', PDB: 'C:\Program Files\Unity\Hub\Editor\2021.3.27f1\Editor\WinPixEventRuntime.dll', fileVersion: 1.0.1812.6001
C:\Windows\System32\RPCRT4.dll:RPCRT4.dll (00007FFAACEC0000), size: 1204224 (result: 0), SymType: '-nosymbols-', PDB: 'C:\Windows\System32\RPCRT4.dll', fileVersion: 10.0.19041.2965
C:\Windows\System32\WS2_32.dll:WS2_32.dll (00007FFAAC830000), size: 438272 (result: 0), SymType: '-nosymbols-', PDB: 'C:\Windows\System32\WS2_32.dll', fileVersion: 10.0.19041.546
C:\Windows\System32\SHELL32.dll:SHELL32.dll (00007FFAAD0A0000), size: 7618560 (result: 0), SymType: '-nosymbols-', PDB: 'C:\Windows\System32\SHELL32.dll', fileVersion: 10.0.19041.2788
C:\Program Files\Unity\Hub\Editor\2021.3.27f1\Editor\umbraoptimizer64.dll:umbraoptimizer64.dll (00007FFA7D6E0000), size: 1187840 (result: 0), SymType: '-nosymbols-', PDB: 'C:\Program Files\Unity\Hub\Editor\2021.3.27f1\Editor\umbraoptimizer64.dll'
C:\Windows\System32\SHLWAPI.dll:SHLWAPI.dll (00007FFAABB20000), size: 348160 (result: 0), SymType: '-nosymbols-', PDB: 'C:\Windows\System32\SHLWAPI.dll', fileVersion: 10.0.19041.2075
C:\Windows\System32\ole32.dll:ole32.dll (00007FFAACD90000), size: 1220608 (result: 0), SymType: '-nosymbols-', PDB: 'C:\Windows\System32\ole32.dll', fileVersion: 10.0.19041.2965
C:\Windows\System32\combase.dll:combase.dll (00007FFAAC370000), size: 3489792 (result: 0), SymType: '-nosymbols-', PDB: 'C:\Windows\System32\combase.dll', fileVersion: 10.0.19041.2788
C:\Program Files\Unity\Hub\Editor\2021.3.27f1\Editor\tbb12.dll:tbb12.dll (00007FFA99F30000), size: 434176 (result: 0), SymType: '-nosymbols-', PDB: 'C:\Program Files\Unity\Hub\Editor\2021.3.27f1\Editor\tbb12.dll'
C:\Windows\SYSTEM32\MSVCP140.dll:MSVCP140.dll (00007FFA7B670000), size: 581632 (result: 0), SymType: '-nosymbols-', PDB: 'C:\Windows\SYSTEM32\MSVCP140.dll', fileVersion: 14.36.32532.0
C:\Windows\SYSTEM32\VCRUNTIME140.dll:VCRUNTIME140.dll (00007FFA89960000), size: 110592 (result: 0), SymType: '-nosymbols-', PDB: 'C:\Windows\SYSTEM32\VCRUNTIME140.dll', fileVersion: 14.36.32532.0
C:\Windows\System32\IMM32.dll:IMM32.dll (00007FFAABFF0000), size: 196608 (result: 0), SymType: '-nosymbols-', PDB: 'C:\Windows\System32\IMM32.dll', fileVersion: 10.0.19041.2673
C:\Windows\System32\SETUPAPI.dll:SETUPAPI.dll (00007FFAAC8A0000), size: 4620288 (result: 0), SymType: '-nosymbols-', PDB: 'C:\Windows\System32\SETUPAPI.dll', fileVersion: 10.0.19041.2193
C:\Windows\System32\cfgmgr32.dll:cfgmgr32.dll (00007FFAAB480000), size: 319488 (result: 0), SymType: '-nosymbols-', PDB: 'C:\Windows\System32\cfgmgr32.dll', fileVersion: 10.0.19041.1620
C:\Windows\System32\bcrypt.dll:bcrypt.dll (00007FFAAB580000), size: 159744 (result: 0), SymType: '-nosymbols-', PDB: 'C:\Windows\System32\bcrypt.dll', fileVersion: 10.0.19041.2486
C:\Windows\System32\OLEAUT32.dll:OLEAUT32.dll (00007FFAAC6D0000), size: 839680 (result: 0), SymType: '-nosymbols-', PDB: 'C:\Windows\System32\OLEAUT32.dll', fileVersion: 10.0.19041.985
C:\Windows\SYSTEM32\OPENGL32.dll:OPENGL32.dll (00007FFA785F0000), size: 1200128 (result: 0), SymType: '-nosymbols-', PDB: 'C:\Windows\SYSTEM32\OPENGL32.dll', fileVersion: 10.0.19041.2193
C:\Windows\System32\WINTRUST.dll:WINTRUST.dll (00007FFAAB2F0000), size: 421888 (result: 0), SymType: '-nosymbols-', PDB: 'C:\Windows\System32\WINTRUST.dll', fileVersion: 10.0.19041.2913
C:\Windows\SYSTEM32\VCRUNTIME140_1.dll:VCRUNTIME140_1.dll (00007FFA8B2E0000), size: 49152 (result: 0), SymType: '-nosymbols-', PDB: 'C:\Windows\SYSTEM32\VCRUNTIME140_1.dll', fileVersion: 14.36.32532.0
C:\Windows\SYSTEM32\GLU32.dll:GLU32.dll (00007FFA9C0F0000), size: 180224 (result: 0), SymType: '-nosymbols-', PDB: 'C:\Windows\SYSTEM32\GLU32.dll', fileVersion: 10.0.19041.2193
C:\Program Files\Unity\Hub\Editor\2021.3.27f1\Editor\tbbmalloc.dll:tbbmalloc.dll (00007FFA9A0C0000), size: 282624 (result: 0), SymType: '-nosymbols-', PDB: 'C:\Program Files\Unity\Hub\Editor\2021.3.27f1\Editor\tbbmalloc.dll'
C:\Windows\SYSTEM32\IPHLPAPI.DLL:IPHLPAPI.DLL (00007FFAAA5F0000), size: 245760 (result: 0), SymType: '-nosymbols-', PDB: 'C:\Windows\SYSTEM32\IPHLPAPI.DLL', fileVersion: 10.0.19041.2788
C:\Windows\SYSTEM32\WINHTTP.dll:WINHTTP.dll (00007FFAA6140000), size: 1089536 (result: 0), SymType: '-nosymbols-', PDB: 'C:\Windows\SYSTEM32\WINHTTP.dll', fileVersion: 10.0.19041.2673
C:\Windows\SYSTEM32\WINMM.dll:WINMM.dll (00007FFA9CC80000), size: 159744 (result: 0), SymType: '-nosymbols-', PDB: 'C:\Windows\SYSTEM32\WINMM.dll', fileVersion: 10.0.19041.546
C:\Windows\SYSTEM32\HID.DLL:HID.DLL (00007FFAA99F0000), size: 53248 (result: 0), SymType: '-nosymbols-', PDB: 'C:\Windows\SYSTEM32\HID.DLL', fileVersion: 10.0.19041.546
C:\Program Files\Unity\Hub\Editor\2021.3.27f1\Editor\RadeonImageFilters.dll:RadeonImageFilters.dll (00007FFA65CD0000), size: 2961408 (result: 0), SymType: '-nosymbols-', PDB: 'C:\Program Files\Unity\Hub\Editor\2021.3.27f1\Editor\RadeonImageFilters.dll', fileVersion: 1.7.0.0
C:\Windows\SYSTEM32\dwmapi.dll:dwmapi.dll (00007FFAA8D40000), size: 192512 (result: 0), SymType: '-nosymbols-', PDB: 'C:\Windows\SYSTEM32\dwmapi.dll', fileVersion: 10.0.19041.746
C:\Program Files\Unity\Hub\Editor\2021.3.27f1\Editor\SketchUpAPI.dll:SketchUpAPI.dll (00007FFA5CC10000), size: 8990720 (result: 0), SymType: '-nosymbols-', PDB: 'C:\Program Files\Unity\Hub\Editor\2021.3.27f1\Editor\SketchUpAPI.dll', fileVersion: 23.0.0.0
C:\Windows\SYSTEM32\VERSION.dll:VERSION.dll (00007FFA9E1D0000), size: 40960 (result: 0), SymType: '-nosymbols-', PDB: 'C:\Windows\SYSTEM32\VERSION.dll', fileVersion: 10.0.19041.546
C:\Windows\SYSTEM32\WSOCK32.dll:WSOCK32.dll (00007FFA97340000), size: 36864 (result: 0), SymType: '-nosymbols-', PDB: 'C:\Windows\SYSTEM32\WSOCK32.dll', fileVersion: 10.0.19041.1
C:\Program Files\Unity\Hub\Editor\2021.3.27f1\Editor\SketchUpCommonPreferences.dll:SketchUpCommonPreferences.dll (00007FFA92DE0000), size: 499712 (result: 0), SymType: '-nosymbols-', PDB: 'C:\Program Files\Unity\Hub\Editor\2021.3.27f1\Editor\SketchUpCommonPreferences.dll', fileVersion: 23.0.0.0
C:\Program Files\Unity\Hub\Editor\2021.3.27f1\Editor\RadeonML.dll:RadeonML.dll (00007FFA9B6A0000), size: 94208 (result: 0), SymType: '-nosymbols-', PDB: 'C:\Program Files\Unity\Hub\Editor\2021.3.27f1\Editor\RadeonML.dll', fileVersion: 0.9.11.0
C:\Windows\SYSTEM32\Secur32.dll:Secur32.dll (00007FFA9E1E0000), size: 49152 (result: 0), SymType: '-nosymbols-', PDB: 'C:\Windows\SYSTEM32\Secur32.dll', fileVersion: 10.0.19041.546
C:\Windows\SYSTEM32\SSPICLI.DLL:SSPICLI.DLL (00007FFAAB080000), size: 204800 (result: 0), SymType: '-nosymbols-', PDB: 'C:\Windows\SYSTEM32\SSPICLI.DLL', fileVersion: 10.0.19041.2130
C:\Program Files\Unity\Hub\Editor\2021.3.27f1\Editor\OpenRL.dll:OpenRL.dll (000001776C1A0000), size: 12779520 (result: 0), SymType: '-nosymbols-', PDB: 'C:\Program Files\Unity\Hub\Editor\2021.3.27f1\Editor\OpenRL.dll', fileVersion: 1.5.0.2907
C:\Windows\SYSTEM32\MSVCP100.dll:MSVCP100.dll (0000000052E60000), size: 622592 (result: 0), SymType: '-nosymbols-', PDB: 'C:\Windows\SYSTEM32\MSVCP100.dll', fileVersion: 10.0.40219.325
C:\Windows\SYSTEM32\MSVCR100.dll:MSVCR100.dll (0000000052F00000), size: 860160 (result: 0), SymType: '-nosymbols-', PDB: 'C:\Windows\SYSTEM32\MSVCR100.dll', fileVersion: 10.0.40219.325
C:\Program Files\Unity\Hub\Editor\2021.3.27f1\Editor\embree.dll:embree.dll (00007FFA5B470000), size: 16711680 (result: 0), SymType: '-nosymbols-', PDB: 'C:\Program Files\Unity\Hub\Editor\2021.3.27f1\Editor\embree.dll', fileVersion: 2.14.0.0
C:\Windows\SYSTEM32\MSWSOCK.DLL:MSWSOCK.DLL (00007FFAAA950000), size: 434176 (result: 0), SymType: '-nosymbols-', PDB: 'C:\Windows\SYSTEM32\MSWSOCK.DLL', fileVersion: 10.0.19041.546
C:\Program Files\Unity\Hub\Editor\2021.3.27f1\Editor\tbb.dll:tbb.dll (00007FFA99CD0000), size: 413696 (result: 0), SymType: '-nosymbols-', PDB: 'C:\Program Files\Unity\Hub\Editor\2021.3.27f1\Editor\tbb.dll', fileVersion: 2017.0.2016.1004
C:\Windows\SYSTEM32\MSVCP120.dll:MSVCP120.dll (00007FFA92CB0000), size: 679936 (result: 0), SymType: '-nosymbols-', PDB: 'C:\Windows\SYSTEM32\MSVCP120.dll', fileVersion: 12.0.21005.1
C:\Windows\SYSTEM32\MSVCR120.dll:MSVCR120.dll (00007FFA6B140000), size: 978944 (result: 0), SymType: '-nosymbols-', PDB: 'C:\Windows\SYSTEM32\MSVCR120.dll', fileVersion: 12.0.21005.1
C:\Program Files\Unity\Hub\Editor\2021.3.27f1\Editor\OpenRL_pthread.dll:OpenRL_pthread.dll (000001776CDF0000), size: 61440 (result: 0), SymType: '-nosymbols-', PDB: 'C:\Program Files\Unity\Hub\Editor\2021.3.27f1\Editor\OpenRL_pthread.dll', fileVersion: 2.9.0.0
C:\Windows\SYSTEM32\MSASN1.dll:MSASN1.dll (00007FFAAAD80000), size: 73728 (result: 0), SymType: '-nosymbols-', PDB: 'C:\Windows\SYSTEM32\MSASN1.dll', fileVersion: 10.0.19041.2251
C:\Windows\SYSTEM32\kernel.appcore.dll:kernel.appcore.dll (00007FFAA9030000), size: 73728 (result: 0), SymType: '-nosymbols-', PDB: 'C:\Windows\SYSTEM32\kernel.appcore.dll', fileVersion: 10.0.19041.546
C:\Windows\System32\bcryptPrimitives.dll:bcryptPrimitives.dll (00007FFAAB1C0000), size: 532480 (result: 0), SymType: '-nosymbols-', PDB: 'C:\Windows\System32\bcryptPrimitives.dll', fileVersion: 10.0.19041.2486
C:\Windows\system32\uxtheme.dll:uxtheme.dll (00007FFAA8B60000), size: 647168 (result: 0), SymType: '-nosymbols-', PDB: 'C:\Windows\system32\uxtheme.dll', fileVersion: 10.0.19041.2193
C:\Windows\System32\shcore.dll:shcore.dll (00007FFAACFF0000), size: 708608 (result: 0), SymType: '-nosymbols-', PDB: 'C:\Windows\System32\shcore.dll', fileVersion: 10.0.19041.1865
C:\Windows\SYSTEM32\windows.storage.dll:windows.storage.dll (00007FFAA9250000), size: 7942144 (result: 0), SymType: '-nosymbols-', PDB: 'C:\Windows\SYSTEM32\windows.storage.dll', fileVersion: 10.0.19041.2788
C:\Windows\SYSTEM32\Wldp.dll:Wldp.dll (00007FFAAABF0000), size: 188416 (result: 0), SymType: '-nosymbols-', PDB: 'C:\Windows\SYSTEM32\Wldp.dll', fileVersion: 10.0.19041.2788
C:\Windows\SYSTEM32\profapi.dll:profapi.dll (00007FFAAB0D0000), size: 126976 (result: 0), SymType: '-nosymbols-', PDB: 'C:\Windows\SYSTEM32\profapi.dll', fileVersion: 10.0.19041.844
C:\Windows\system32\IconCodecService.dll:IconCodecService.dll (00007FFAA48C0000), size: 36864 (result: 0), SymType: '-nosymbols-', PDB: 'C:\Windows\system32\IconCodecService.dll', fileVersion: 10.0.19041.1
C:\Windows\SYSTEM32\WindowsCodecs.dll:WindowsCodecs.dll (00007FFA97160000), size: 1785856 (result: 0), SymType: '-nosymbols-', PDB: 'C:\Windows\SYSTEM32\WindowsCodecs.dll', fileVersion: 10.0.19041.1706
C:\Windows\System32\clbcatq.dll:clbcatq.dll (00007FFAAD9C0000), size: 692224 (result: 0), SymType: '-nosymbols-', PDB: 'C:\Windows\System32\clbcatq.dll', fileVersion: 2001.12.10941.16384
C:\Windows\System32\netprofm.dll:netprofm.dll (00007FFAA60A0000), size: 258048 (result: 0), SymType: '-nosymbols-', PDB: 'C:\Windows\System32\netprofm.dll', fileVersion: 10.0.19041.2913
C:\Windows\System32\NSI.dll:NSI.dll (00007FFAABB10000), size: 32768 (result: 0), SymType: '-nosymbols-', PDB: 'C:\Windows\System32\NSI.dll', fileVersion: 10.0.19041.610
C:\Windows\System32\npmproxy.dll:npmproxy.dll (00007FFAA2650000), size: 65536 (result: 0), SymType: '-nosymbols-', PDB: 'C:\Windows\System32\npmproxy.dll', fileVersion: 10.0.19041.2913
C:\Windows\SYSTEM32\dhcpcsvc6.DLL:dhcpcsvc6.DLL (00007FFAA5150000), size: 94208 (result: 0), SymType: '-nosymbols-', PDB: 'C:\Windows\SYSTEM32\dhcpcsvc6.DLL', fileVersion: 10.0.19041.2673
C:\Windows\SYSTEM32\dhcpcsvc.DLL:dhcpcsvc.DLL (00007FFAA50D0000), size: 118784 (result: 0), SymType: '-nosymbols-', PDB: 'C:\Windows\SYSTEM32\dhcpcsvc.DLL', fileVersion: 10.0.19041.2673
C:\Windows\SYSTEM32\DNSAPI.dll:DNSAPI.dll (00007FFAAA630000), size: 831488 (result: 0), SymType: '-nosymbols-', PDB: 'C:\Windows\SYSTEM32\DNSAPI.dll', fileVersion: 10.0.19041.2546
C:\Windows\system32\napinsp.dll:napinsp.dll (00007FFA89B20000), size: 94208 (result: 0), SymType: '-nosymbols-', PDB: 'C:\Windows\system32\napinsp.dll', fileVersion: 10.0.19041.546
C:\Windows\system32\pnrpnsp.dll:pnrpnsp.dll (00007FFA89B00000), size: 110592 (result: 0), SymType: '-nosymbols-', PDB: 'C:\Windows\system32\pnrpnsp.dll', fileVersion: 10.0.19041.546
C:\Windows\system32\wshbth.dll:wshbth.dll (00007FFAA6400000), size: 86016 (result: 0), SymType: '-nosymbols-', PDB: 'C:\Windows\system32\wshbth.dll', fileVersion: 10.0.19041.546
C:\Windows\system32\NLAapi.dll:NLAapi.dll (00007FFAA6100000), size: 118784 (result: 0), SymType: '-nosymbols-', PDB: 'C:\Windows\system32\NLAapi.dll', fileVersion: 10.0.19041.2913
C:\Windows\System32\winrnr.dll:winrnr.dll (00007FFA89AE0000), size: 73728 (result: 0), SymType: '-nosymbols-', PDB: 'C:\Windows\System32\winrnr.dll', fileVersion: 10.0.19041.546
C:\Windows\System32\fwpuclnt.dll:fwpuclnt.dll (00007FFAA3200000), size: 532480 (result: 0), SymType: '-nosymbols-', PDB: 'C:\Windows\System32\fwpuclnt.dll', fileVersion: 10.0.19041.2913
C:\Windows\System32\rasadhlp.dll:rasadhlp.dll (00007FFAA4A00000), size: 40960 (result: 0), SymType: '-nosymbols-', PDB: 'C:\Windows\System32\rasadhlp.dll', fileVersion: 10.0.19041.546
C:\Program Files\Unity\Hub\Editor\2021.3.27f1\Editor\NVUnityPlugin.DLL:NVUnityPlugin.DLL (00007FFA65490000), size: 1536000 (result: 0), SymType: '-nosymbols-', PDB: 'C:\Program Files\Unity\Hub\Editor\2021.3.27f1\Editor\NVUnityPlugin.DLL'
C:\Program Files\Unity\Hub\Editor\2021.3.27f1\Editor\Data\Tools\astcenc-avx2.dll:astcenc-avx2.dll (00007FFA6BB00000), size: 561152 (result: 0), SymType: '-nosymbols-', PDB: 'C:\Program Files\Unity\Hub\Editor\2021.3.27f1\Editor\Data\Tools\astcenc-avx2.dll'
C:\Windows\SYSTEM32\d3d11.dll:d3d11.dll (00007FFAA71B0000), size: 2502656 (result: 0), SymType: '-nosymbols-', PDB: 'C:\Windows\SYSTEM32\d3d11.dll', fileVersion: 10.0.19041.2913
C:\Windows\SYSTEM32\dxgi.dll:dxgi.dll (00007FFAA9A50000), size: 995328 (result: 0), SymType: '-nosymbols-', PDB: 'C:\Windows\SYSTEM32\dxgi.dll', fileVersion: 10.0.19041.2311
C:\Windows\System32\DriverStore\FileRepository\u0379821.inf_amd64_8eabf0fa5db74690\B377574\aticfx64.dll:aticfx64.dll (00007FFA95780000), size: 1810432 (result: 0), SymType: '-nosymbols-', PDB: 'C:\Windows\System32\DriverStore\FileRepository\u0379821.inf_amd64_8eabf0fa5db74690\B377574\aticfx64.dll', fileVersion: 30.0.14042.0
C:\Windows\System32\DriverStore\FileRepository\u0379821.inf_amd64_8eabf0fa5db74690\B377574\atiuxp64.dll:atiuxp64.dll (00007FFA95740000), size: 233472 (result: 0), SymType: '-nosymbols-', PDB: 'C:\Windows\System32\DriverStore\FileRepository\u0379821.inf_amd64_8eabf0fa5db74690\B377574\atiuxp64.dll', fileVersion: 30.0.14042.0
C:\Windows\System32\DriverStore\FileRepository\u0379821.inf_amd64_8eabf0fa5db74690\B377574\atidxx64.dll:atidxx64.dll (00007FFA937F0000), size: 32776192 (result: 0), SymType: '-nosymbols-', PDB: 'C:\Windows\System32\DriverStore\FileRepository\u0379821.inf_amd64_8eabf0fa5db74690\B377574\atidxx64.dll', fileVersion: 30.0.14042.0
C:\Windows\SYSTEM32\amdihk64.dll:amdihk64.dll (00007FFA937C0000), size: 196608 (result: 0), SymType: '-nosymbols-', PDB: 'C:\Windows\SYSTEM32\amdihk64.dll', fileVersion: 2.0.0.1788
C:\Windows\SYSTEM32\dxcore.dll:dxcore.dll (00007FFA95D50000), size: 241664 (result: 0), SymType: '-deferred-', PDB: '', fileVersion: 10.0.19041.546
C:\Windows\system32\wbem\wbemprox.dll:wbemprox.dll (00007FFA97A70000), size: 69632 (result: 0), SymType: '-deferred-', PDB: '', fileVersion: 10.0.19041.1320
C:\Windows\SYSTEM32\wbemcomn.dll:wbemcomn.dll (00007FFA9DF60000), size: 589824 (result: 0), SymType: '-deferred-', PDB: '', fileVersion: 10.0.19041.1566
C:\Windows\system32\wbem\wbemsvc.dll:wbemsvc.dll (00007FFA9A320000), size: 81920 (result: 0), SymType: '-deferred-', PDB: '', fileVersion: 10.0.19041.1320
C:\Windows\system32\wbem\fastprox.dll:fastprox.dll (00007FFA98B30000), size: 1093632 (result: 0), SymType: '-deferred-', PDB: '', fileVersion: 10.0.19041.546
C:\Windows\SYSTEM32\amsi.dll:amsi.dll (00007FFA97F20000), size: 126976 (result: 8), SymType: '-unknown-', PDB: '', fileVersion: 10.0.19041.2075
C:\Windows\SYSTEM32\USERENV.dll:USERENV.dll (00007FFAAB050000), size: 188416 (result: 8), SymType: '-unknown-', PDB: '', fileVersion: 10.0.19041.572
C:\ProgramData\Microsoft\Windows Defender\Platform\4.18.23050.5-0\MpOav.dll:MpOav.dll (00007FFA9AEA0000), size: 503808 (result: 8), SymType: '-unknown-', PDB: '', fileVersion: 4.18.23050.5
C:\Windows\SYSTEM32\opencl.dll:opencl.dll (00007FFA9B6D0000), size: 147456 (result: 8), SymType: '-unknown-', PDB: '', fileVersion: 2.2.6.0
C:\Program Files\Unity\Hub\Editor\2021.3.27f1\Editor\radeonrays.dll:radeonrays.dll (00007FFA6BA70000), size: 557056 (result: 8), SymType: '-unknown-', PDB: ''
C:\Program Files\Unity\Hub\Editor\2021.3.27f1\Editor\Data\MonoBleedingEdge\EmbedRuntime\mono-2.0-bdwgc.dll:mono-2.0-bdwgc.dll (00007FFA57D40000), size: 10682368 (result: -529697949), SymType: '-deferred-', PDB: ''
C:\Windows\SYSTEM32\dbghelp.dll:dbghelp.dll (00007FFAA2DF0000), size: 1982464 (result: 0), SymType: '-nosymbols-', PDB: 'C:\Windows\SYSTEM32\dbghelp.dll', fileVersion: 10.0.19041.867
  ERROR: SymGetSymFromAddr64, GetLastError: '–ü–æ–ø—ã—Ç–∫–∞ –æ–±—Ä–∞—â–µ–Ω–∏—è –∫ –Ω–µ–≤–µ—Ä–Ω–æ–º—É –∞–¥—Ä–µ—Å—É.' (Address: 00007FFAAB83CF19)
0x00007FFAAB83CF19 (KERNELBASE) (function-name not available)
  ERROR: SymGetSymFromAddr64, GetLastError: 'Unknown error [-529697949]' (Address: 00007FFA57DB064C)
0x00007FFA57DB064C (mono-2.0-bdwgc) (function-name not available)
  ERROR: SymGetSymFromAddr64, GetLastError: 'Unknown error [-529697949]' (Address: 00007FFA57D9C4A2)
0x00007FFA57D9C4A2 (mono-2.0-bdwgc) (function-name not available)
  ERROR: SymGetSymFromAddr64, GetLastError: '–ù–µ –Ω–∞–π–¥–µ–Ω —É–∫–∞–∑–∞–Ω–Ω—ã–π –º–æ–¥—É–ª—å.' (Address: 00007FFA57D9C57C)
0x00007FFA57D9C57C (mono-2.0-bdwgc) (function-name not available)
  ERROR: SymGetSymFromAddr64, GetLastError: '–ù–µ –Ω–∞–π–¥–µ–Ω —É–∫–∞–∑–∞–Ω–Ω—ã–π –º–æ–¥—É–ª—å.' (Address: 00007FFA57DE299E)
0x00007FFA57DE299E (mono-2.0-bdwgc) (function-name not available)
  ERROR: SymGetSymFromAddr64, GetLastError: '–ù–µ –Ω–∞–π–¥–µ–Ω —É–∫–∞–∑–∞–Ω–Ω—ã–π –º–æ–¥—É–ª—å.' (Address: 00007FFA57FA9D8A)
0x00007FFA57FA9D8A (mono-2.0-bdwgc) (function-name not available)
  ERROR: SymGetSymFromAddr64, GetLastError: '–ù–µ –Ω–∞–π–¥–µ–Ω —É–∫–∞–∑–∞–Ω–Ω—ã–π –º–æ–¥—É–ª—å.' (Address: 00007FF66161F890)
0x00007FF66161F890 (Unity) (function-name not available)
  ERROR: SymGetSymFromAddr64, GetLastError: '–ù–µ –Ω–∞–π–¥–µ–Ω —É–∫–∞–∑–∞–Ω–Ω—ã–π –º–æ–¥—É–ª—å.' (Address: 00007FF6616111B3)
0x00007FF6616111B3 (Unity) (function-name not available)
  ERROR: SymGetSymFromAddr64, GetLastError: '–ù–µ –Ω–∞–π–¥–µ–Ω —É–∫–∞–∑–∞–Ω–Ω—ã–π –º–æ–¥—É–ª—å.' (Address: 00007FF66160FEC6)
0x00007FF66160FEC6 (Unity) (function-name not available)
  ERROR: SymGetSymFromAddr64, GetLastError: '–ù–µ –Ω–∞–π–¥–µ–Ω —É–∫–∞–∑–∞–Ω–Ω—ã–π –º–æ–¥—É–ª—å.' (Address: 00007FF6616199E7)
0x00007FF6616199E7 (Unity) (function-name not available)
  ERROR: SymGetSymFromAddr64, GetLastError: '–ù–µ –Ω–∞–π–¥–µ–Ω —É–∫–∞–∑–∞–Ω–Ω—ã–π –º–æ–¥—É–ª—å.' (Address: 00007FF662567C42)
0x00007FF662567C42 (Unity) (function-name not available)
  ERROR: SymGetSymFromAddr64, GetLastError: '–ù–µ –Ω–∞–π–¥–µ–Ω —É–∫–∞–∑–∞–Ω–Ω—ã–π –º–æ–¥—É–ª—å.' (Address: 00007FF662568374)
0x00007FF662568374 (Unity) (function-name not available)
  ERROR: SymGetSymFromAddr64, GetLastError: '–ù–µ –Ω–∞–π–¥–µ–Ω —É–∫–∞–∑–∞–Ω–Ω—ã–π –º–æ–¥—É–ª—å.' (Address: 00007FF66226BDD3)
0x00007FF66226BDD3 (Unity) (function-name not available)
  ERROR: SymGetSymFromAddr64, GetLastError: '–ù–µ –Ω–∞–π–¥–µ–Ω —É–∫–∞–∑–∞–Ω–Ω—ã–π –º–æ–¥—É–ª—å.' (Address: 00007FF6626B7BD8)
0x00007FF6626B7BD8 (Unity) (function-name not available)
  ERROR: SymGetSymFromAddr64, GetLastError: '–ù–µ –Ω–∞–π–¥–µ–Ω —É–∫–∞–∑–∞–Ω–Ω—ã–π –º–æ–¥—É–ª—å.' (Address: 00007FF663A97D2E)
0x00007FF663A97D2E (Unity) (function-name not available)
0x00007FFAABDC7614 (KERNEL32) BaseThreadInitThunk
  ERROR: SymGetSymFromAddr64, GetLastError: '–ü–æ–ø—ã—Ç–∫–∞ –æ–±—Ä–∞—â–µ–Ω–∏—è –∫ –Ω–µ–≤–µ—Ä–Ω–æ–º—É –∞–¥—Ä–µ—Å—É.' (Address: 00007FFAADB026A1)
0x00007FFAADB026A1 (ntdll) (function-name not available)

========== END OF STACKTRACE ===========

A crash has been intercepted by the crash handler. For call stack and other details, see the latest crash report generated in:
 * C:/Users/676A~1/AppData/Local/Temp/Unity/Editor/Crashes
